#-----------------------------------------------------------
# Vivado v2022.2 (64-bit)
# SW Build 3671981 on Fri Oct 14 05:00:03 MDT 2022
# IP Build 3669848 on Fri Oct 14 08:30:02 MDT 2022
# Start of session at: Fri May 12 01:06:32 2023
# Process ID: 41864
# Current directory: C:/Users/johnn/Documents/.ActuallyDocuments/cpe487/CPE487_Project/IR Transmitter Code 0.9
# Command line: vivado.exe -gui_launcher_event rodinguilauncherevent43848 C:\Users\johnn\Documents\.ActuallyDocuments\cpe487\CPE487_Project\IR Transmitter Code 0.9\Transmission.xpr
# Log file: C:/Users/johnn/Documents/.ActuallyDocuments/cpe487/CPE487_Project/IR Transmitter Code 0.9/vivado.log
# Journal file: C:/Users/johnn/Documents/.ActuallyDocuments/cpe487/CPE487_Project/IR Transmitter Code 0.9\vivado.jou
# Running On: Johnny-Desktop, OS: Windows, CPU Frequency: 3893 MHz, CPU Physical cores: 16, Host memory: 34279 MB
#-----------------------------------------------------------
start_gui
open_project {C:/Users/johnn/Documents/.ActuallyDocuments/cpe487/CPE487_Project/IR Transmitter Code 0.9/Transmission.xpr}
WARNING: [Board 49-26] cannot add Board Part xilinx.com:kc705:part0:1.6 available at C:/Xilinx/Vivado/2022.2/data/xhub/boards/XilinxBoardStore/boards/Xilinx/kc705/1.6/board.xml as part xc7k325tffg900-2 specified in board_part file is either invalid or not available
WARNING: [Board 49-26] cannot add Board Part xilinx.com:kcu105:part0:1.6 available at C:/Xilinx/Vivado/2022.2/data/xhub/boards/XilinxBoardStore/boards/Xilinx/kcu105/1.6/board.xml as part xcku040-ffva1156-2-e specified in board_part file is either invalid or not available
WARNING: [Board 49-26] cannot add Board Part xilinx.com:kcu105:part0:1.7 available at C:/Xilinx/Vivado/2022.2/data/xhub/boards/XilinxBoardStore/boards/Xilinx/kcu105/1.7/board.xml as part xcku040-ffva1156-2-e specified in board_part file is either invalid or not available
WARNING: [Board 49-26] cannot add Board Part xilinx.com:kcu116:part0:1.4 available at C:/Xilinx/Vivado/2022.2/data/xhub/boards/XilinxBoardStore/boards/Xilinx/kcu116/1.4/board.xml as part xcku5p-ffvb676-2-e specified in board_part file is either invalid or not available
WARNING: [Board 49-26] cannot add Board Part xilinx.com:kcu116:part0:1.5 available at C:/Xilinx/Vivado/2022.2/data/xhub/boards/XilinxBoardStore/boards/Xilinx/kcu116/1.5/board.xml as part xcku5p-ffvb676-2-e specified in board_part file is either invalid or not available
WARNING: [Board 49-26] cannot add Board Part xilinx.com:kcu1500:part0:1.2 available at C:/Xilinx/Vivado/2022.2/data/xhub/boards/XilinxBoardStore/boards/Xilinx/kcu1500/1.2/board.xml as part xcku115-flvb2104-2-e specified in board_part file is either invalid or not available
WARNING: [Board 49-26] cannot add Board Part xilinx.com:sp701:part0:1.0 available at C:/Xilinx/Vivado/2022.2/data/xhub/boards/XilinxBoardStore/boards/Xilinx/sp701/1.0/board.xml as part xc7s100fgga676-2 specified in board_part file is either invalid or not available
WARNING: [Board 49-26] cannot add Board Part xilinx.com:sp701:part0:1.1 available at C:/Xilinx/Vivado/2022.2/data/xhub/boards/XilinxBoardStore/boards/Xilinx/sp701/1.1/board.xml as part xc7s100fgga676-2 specified in board_part file is either invalid or not available
WARNING: [Board 49-26] cannot add Board Part xilinx.com:vc707:part0:1.4 available at C:/Xilinx/Vivado/2022.2/data/xhub/boards/XilinxBoardStore/boards/Xilinx/vc707/1.4/board.xml as part xc7vx485tffg1761-2 specified in board_part file is either invalid or not available
WARNING: [Board 49-26] cannot add Board Part xilinx.com:vc709:part0:1.8 available at C:/Xilinx/Vivado/2022.2/data/xhub/boards/XilinxBoardStore/boards/Xilinx/vc709/1.8/board.xml as part xc7vx690tffg1761-2 specified in board_part file is either invalid or not available
WARNING: [Board 49-26] cannot add Board Part xilinx.com:vck190:part0:2.2 available at C:/Xilinx/Vivado/2022.2/data/xhub/boards/XilinxBoardStore/boards/Xilinx/vck190/production/2.2/board.xml as part xcvc1902-vsva2197-2mp-e-s specified in board_part file is either invalid or not available
WARNING: [Board 49-26] cannot add Board Part xilinx.com:vck190:part0:3.0 available at C:/Xilinx/Vivado/2022.2/data/xhub/boards/XilinxBoardStore/boards/Xilinx/vck190/production/3.0/board.xml as part xcvc1902-vsva2197-2mp-e-s specified in board_part file is either invalid or not available
WARNING: [Board 49-26] cannot add Board Part xilinx.com:vck190:part0:3.1 available at C:/Xilinx/Vivado/2022.2/data/xhub/boards/XilinxBoardStore/boards/Xilinx/vck190/production/3.1/board.xml as part xcvc1902-vsva2197-2mp-e-s specified in board_part file is either invalid or not available
WARNING: [Board 49-26] cannot add Board Part xilinx.com:vck190_newl:part0:1.0 available at C:/Xilinx/Vivado/2022.2/data/xhub/boards/XilinxBoardStore/boards/Xilinx/vck190_newl/production/1.0/board.xml as part xcvc1902-vsva2197-2mp-e-s specified in board_part file is either invalid or not available
WARNING: [Board 49-26] cannot add Board Part xilinx.com:vcu108:part0:1.6 available at C:/Xilinx/Vivado/2022.2/data/xhub/boards/XilinxBoardStore/boards/Xilinx/vcu108/1.6/board.xml as part xcvu095-ffva2104-2-e specified in board_part file is either invalid or not available
WARNING: [Board 49-26] cannot add Board Part xilinx.com:vcu108:part0:1.7 available at C:/Xilinx/Vivado/2022.2/data/xhub/boards/XilinxBoardStore/boards/Xilinx/vcu108/1.7/board.xml as part xcvu095-ffva2104-2-e specified in board_part file is either invalid or not available
WARNING: [Board 49-26] cannot add Board Part xilinx.com:vcu110:part0:1.4 available at C:/Xilinx/Vivado/2022.2/data/xhub/boards/XilinxBoardStore/boards/Xilinx/vcu110/1.4/board.xml as part xcvu190-flgc2104-2-e specified in board_part file is either invalid or not available
WARNING: [Board 49-26] cannot add Board Part xilinx.com:vcu118:part0:2.0 available at C:/Xilinx/Vivado/2022.2/data/xhub/boards/XilinxBoardStore/boards/Xilinx/vcu118/2.0/board.xml as part xcvu9p-flga2104-2l-e specified in board_part file is either invalid or not available
WARNING: [Board 49-26] cannot add Board Part xilinx.com:vcu118:part0:2.3 available at C:/Xilinx/Vivado/2022.2/data/xhub/boards/XilinxBoardStore/boards/Xilinx/vcu118/2.3/board.xml as part xcvu9p-flga2104-2l-e specified in board_part file is either invalid or not available
WARNING: [Board 49-26] cannot add Board Part xilinx.com:vcu118:part0:2.4 available at C:/Xilinx/Vivado/2022.2/data/xhub/boards/XilinxBoardStore/boards/Xilinx/vcu118/2.4/board.xml as part xcvu9p-flga2104-2l-e specified in board_part file is either invalid or not available
WARNING: [Board 49-26] cannot add Board Part xilinx.com:vcu128:part0:1.0 available at C:/Xilinx/Vivado/2022.2/data/xhub/boards/XilinxBoardStore/boards/Xilinx/vcu128/production/1.0/board.xml as part xcvu37p-fsvh2892-2l-e specified in board_part file is either invalid or not available
WARNING: [Board 49-26] cannot add Board Part xilinx.com:vcu129:part0:1.0 available at C:/Xilinx/Vivado/2022.2/data/xhub/boards/XilinxBoardStore/boards/Xilinx/vcu129/production/1.0/board.xml as part xcvu29p-fsga2577-2l-e specified in board_part file is either invalid or not available
WARNING: [Board 49-26] cannot add Board Part xilinx.com:vcu1525:part0:1.3 available at C:/Xilinx/Vivado/2022.2/data/xhub/boards/XilinxBoardStore/boards/Xilinx/vcu1525/1.3/board.xml as part xcvu9p-fsgd2104-2l-e specified in board_part file is either invalid or not available
WARNING: [Board 49-26] cannot add Board Part xilinx.com:vek280_es:part0:1.0 available at C:/Xilinx/Vivado/2022.2/data/xhub/boards/XilinxBoardStore/boards/Xilinx/vek280/es/1.0/board.xml as part xcve2802-vsvh1760-2lp-e-s-es1 specified in board_part file is either invalid or not available
WARNING: [Board 49-26] cannot add Board Part xilinx.com:vermeo_t1_mpsoc:part0:1.0 available at C:/Xilinx/Vivado/2022.2/data/xhub/boards/XilinxBoardStore/boards/Xilinx/vermeo_t1_mpsoc/1.0/board.xml as part xczu19eg-ffvd1760-2l-e specified in board_part file is either invalid or not available
WARNING: [Board 49-26] cannot add Board Part xilinx.com:vermeo_t1_rfsoc:part0:1.0 available at C:/Xilinx/Vivado/2022.2/data/xhub/boards/XilinxBoardStore/boards/Xilinx/vermeo_t1_rfsoc/1.0/board.xml as part xczu21dr-ffvd1156-2l-e specified in board_part file is either invalid or not available
WARNING: [Board 49-26] cannot add Board Part xilinx.com:vhk158_es:part0:1.0 available at C:/Xilinx/Vivado/2022.2/data/xhub/boards/XilinxBoardStore/boards/Xilinx/vhk158/es/1.0/board.xml as part xcvh1582-vsva3697-2mp-e-s-es1 specified in board_part file is either invalid or not available
WARNING: [Board 49-26] cannot add Board Part xilinx.com:vmk180:part0:2.2 available at C:/Xilinx/Vivado/2022.2/data/xhub/boards/XilinxBoardStore/boards/Xilinx/vmk180/production/2.2/board.xml as part xcvm1802-vsva2197-2mp-e-s specified in board_part file is either invalid or not available
WARNING: [Board 49-26] cannot add Board Part xilinx.com:vmk180:part0:3.0 available at C:/Xilinx/Vivado/2022.2/data/xhub/boards/XilinxBoardStore/boards/Xilinx/vmk180/production/3.0/board.xml as part xcvm1802-vsva2197-2mp-e-s specified in board_part file is either invalid or not available
WARNING: [Board 49-26] cannot add Board Part xilinx.com:vmk180:part0:3.1 available at C:/Xilinx/Vivado/2022.2/data/xhub/boards/XilinxBoardStore/boards/Xilinx/vmk180/production/3.1/board.xml as part xcvm1802-vsva2197-2mp-e-s specified in board_part file is either invalid or not available
WARNING: [Board 49-26] cannot add Board Part xilinx.com:vmk180_newl:part0:1.0 available at C:/Xilinx/Vivado/2022.2/data/xhub/boards/XilinxBoardStore/boards/Xilinx/vmk180_newl/production/1.0/board.xml as part xcvm1802-vsva2197-2mp-e-s specified in board_part file is either invalid or not available
WARNING: [Board 49-26] cannot add Board Part xilinx.com:vpk120:part0:1.0 available at C:/Xilinx/Vivado/2022.2/data/xhub/boards/XilinxBoardStore/boards/Xilinx/vpk120/production/1.0/board.xml as part xcvp1202-vsva2785-2mp-e-s specified in board_part file is either invalid or not available
WARNING: [Board 49-26] cannot add Board Part xilinx.com:vpk120_es:part0:1.2 available at C:/Xilinx/Vivado/2022.2/data/xhub/boards/XilinxBoardStore/boards/Xilinx/vpk120/es/1.2/board.xml as part xcvp1202-vsva2785-2mp-e-s-es1 specified in board_part file is either invalid or not available
WARNING: [Board 49-26] cannot add Board Part xilinx.com:vpk120_es_revb:part0:1.0 available at C:/Xilinx/Vivado/2022.2/data/xhub/boards/XilinxBoardStore/boards/Xilinx/vpk120_revb/es/1.0/board.xml as part xcvp1202-vsva2785-2mp-e-s-es1 specified in board_part file is either invalid or not available
WARNING: [Board 49-26] cannot add Board Part xilinx.com:vpk180_es:part0:1.0 available at C:/Xilinx/Vivado/2022.2/data/xhub/boards/XilinxBoardStore/boards/Xilinx/vpk180/es/1.0/board.xml as part xcvp1802-lsvc4072-2mp-e-s-es1 specified in board_part file is either invalid or not available
WARNING: [Board 49-26] cannot add Board Part xilinx.com:zc702:part0:1.4 available at C:/Xilinx/Vivado/2022.2/data/xhub/boards/XilinxBoardStore/boards/Xilinx/zc702/1.4/board.xml as part xc7z020clg484-1 specified in board_part file is either invalid or not available
WARNING: [Board 49-26] cannot add Board Part xilinx.com:zc706:part0:1.4 available at C:/Xilinx/Vivado/2022.2/data/xhub/boards/XilinxBoardStore/boards/Xilinx/zc706/1.4/board.xml as part xc7z045ffg900-2 specified in board_part file is either invalid or not available
WARNING: [Board 49-26] cannot add Board Part xilinx.com:zcu102:part0:3.3 available at C:/Xilinx/Vivado/2022.2/data/xhub/boards/XilinxBoardStore/boards/Xilinx/zcu102/3.3/board.xml as part xczu9eg-ffvb1156-2-e specified in board_part file is either invalid or not available
WARNING: [Board 49-26] cannot add Board Part xilinx.com:zcu102:part0:3.4 available at C:/Xilinx/Vivado/2022.2/data/xhub/boards/XilinxBoardStore/boards/Xilinx/zcu102/3.4/board.xml as part xczu9eg-ffvb1156-2-e specified in board_part file is either invalid or not available
WARNING: [Board 49-26] cannot add Board Part xilinx.com:zcu104:part0:1.1 available at C:/Xilinx/Vivado/2022.2/data/xhub/boards/XilinxBoardStore/boards/Xilinx/zcu104/1.1/board.xml as part xczu7ev-ffvc1156-2-e specified in board_part file is either invalid or not available
WARNING: [Board 49-26] cannot add Board Part xilinx.com:zcu106:part0:2.4 available at C:/Xilinx/Vivado/2022.2/data/xhub/boards/XilinxBoardStore/boards/Xilinx/zcu106/2.4/board.xml as part xczu7ev-ffvc1156-2-e specified in board_part file is either invalid or not available
WARNING: [Board 49-26] cannot add Board Part xilinx.com:zcu106:part0:2.5 available at C:/Xilinx/Vivado/2022.2/data/xhub/boards/XilinxBoardStore/boards/Xilinx/zcu106/2.5/board.xml as part xczu7ev-ffvc1156-2-e specified in board_part file is either invalid or not available
WARNING: [Board 49-26] cannot add Board Part xilinx.com:zcu106:part0:2.6 available at C:/Xilinx/Vivado/2022.2/data/xhub/boards/XilinxBoardStore/boards/Xilinx/zcu106/2.6/board.xml as part xczu7ev-ffvc1156-2-e specified in board_part file is either invalid or not available
WARNING: [Board 49-26] cannot add Board Part xilinx.com:zcu111:part0:1.2 available at C:/Xilinx/Vivado/2022.2/data/xhub/boards/XilinxBoardStore/boards/Xilinx/zcu111/1.2/board.xml as part xczu28dr-ffvg1517-2-e specified in board_part file is either invalid or not available
WARNING: [Board 49-26] cannot add Board Part xilinx.com:zcu111:part0:1.3 available at C:/Xilinx/Vivado/2022.2/data/xhub/boards/XilinxBoardStore/boards/Xilinx/zcu111/1.3/board.xml as part xczu28dr-ffvg1517-2-e specified in board_part file is either invalid or not available
WARNING: [Board 49-26] cannot add Board Part xilinx.com:zcu111:part0:1.4 available at C:/Xilinx/Vivado/2022.2/data/xhub/boards/XilinxBoardStore/boards/Xilinx/zcu111/1.4/board.xml as part xczu28dr-ffvg1517-2-e specified in board_part file is either invalid or not available
WARNING: [Board 49-26] cannot add Board Part xilinx.com:zcu1275:part0:1.0 available at C:/Xilinx/Vivado/2022.2/data/xhub/boards/XilinxBoardStore/boards/Xilinx/zcu1275/1.0/board.xml as part xczu29dr-ffvf1760-2-e specified in board_part file is either invalid or not available
WARNING: [Board 49-26] cannot add Board Part xilinx.com:zcu1285:part0:1.0 available at C:/Xilinx/Vivado/2022.2/data/xhub/boards/XilinxBoardStore/boards/Xilinx/zcu1285/1.0/board.xml as part xczu39dr-ffvf1760-2-i specified in board_part file is either invalid or not available
WARNING: [Board 49-26] cannot add Board Part xilinx.com:zcu208:part0:2.0 available at C:/Xilinx/Vivado/2022.2/data/xhub/boards/XilinxBoardStore/boards/Xilinx/zcu208/production/2.0/board.xml as part xczu48dr-fsvg1517-2-e specified in board_part file is either invalid or not available
WARNING: [Board 49-26] cannot add Board Part xilinx.com:zcu208ld:part0:2.0 available at C:/Xilinx/Vivado/2022.2/data/xhub/boards/XilinxBoardStore/boards/Xilinx/zcu208ld/production/2.0/board.xml as part xczu58dr-fsvg1517-2-i specified in board_part file is either invalid or not available
WARNING: [Board 49-26] cannot add Board Part xilinx.com:zcu216:part0:2.0 available at C:/Xilinx/Vivado/2022.2/data/xhub/boards/XilinxBoardStore/boards/Xilinx/zcu216/production/2.0/board.xml as part xczu49dr-ffvf1760-2-e specified in board_part file is either invalid or not available
WARNING: [Board 49-26] cannot add Board Part xilinx.com:zcu216ld:part0:2.0 available at C:/Xilinx/Vivado/2022.2/data/xhub/boards/XilinxBoardStore/boards/Xilinx/zcu216ld/production/2.0/board.xml as part xczu59dr-ffvf1760-2-i specified in board_part file is either invalid or not available
WARNING: [Board 49-26] cannot add Board Part xilinx.com:zcu670:part0:2.0 available at C:/Xilinx/Vivado/2022.2/data/xhub/boards/XilinxBoardStore/boards/Xilinx/zcu670/2.0/board.xml as part xczu67dr-fsve1156-2-i specified in board_part file is either invalid or not available
WARNING: [Board 49-26] cannot add Board Part xilinx.com:zcu670ld:part0:1.0 available at C:/Xilinx/Vivado/2022.2/data/xhub/boards/XilinxBoardStore/boards/Xilinx/zcu670ld/1.0/board.xml as part xczu57dr-fsve1156-2-i specified in board_part file is either invalid or not available
INFO: [filemgmt 56-3] Default IP Output Path : Could not find the directory 'C:/Users/johnn/Documents/.ActuallyDocuments/cpe487/CPE487_Project/IR Transmitter Code 0.9/Transmission.gen/sources_1'.
CRITICAL WARNING: [Project 1-19] Could not find the file 'C:/Users/johnn/Documents/.ActuallyDocuments/cpe487/CPE487_Project/IR Transmitter Code 0.9/Transmission.srcs/sources_1/new/sig.vhd'.
Scanning sources...
Finished scanning sources
INFO: [IP_Flow 19-234] Refreshing IP repositories
INFO: [IP_Flow 19-1704] No user IP repositories specified
INFO: [IP_Flow 19-2313] Loaded Vivado IP repository 'C:/Xilinx/Vivado/2022.2/data/ip'.
open_project: Time (s): cpu = 00:00:08 ; elapsed = 00:00:07 . Memory (MB): peak = 1266.637 ; gain = 453.262
update_compile_order -fileset sources_1
add_files -norecurse {{C:/Users/johnn/Documents/.ActuallyDocuments/cpe487/CPE487_Project/IR Transmitter Code 0.9/Transmission.srcs/sources_1/new/signalmapper.vhd}}
update_compile_order -fileset sources_1
update_compile_order -fileset sources_1
update_compile_order -fileset sources_1
export_ip_user_files -of_objects  [get_files {{C:/Users/johnn/Documents/.ActuallyDocuments/cpe487/CPE487_Project/IR Transmitter Code 0.9/Transmission.srcs/sources_1/new/clkDivider.vhd}}] -no_script -reset -force -quiet
remove_files  {{C:/Users/johnn/Documents/.ActuallyDocuments/cpe487/CPE487_Project/IR Transmitter Code 0.9/Transmission.srcs/sources_1/new/clkDivider.vhd}}
export_ip_user_files -of_objects  [get_files {{C:/Users/johnn/Documents/.ActuallyDocuments/cpe487/CPE487_Project/IR Transmitter Code 0.9/Transmission.srcs/sources_1/new/sig.vhd}}] -no_script -reset -force -quiet
remove_files  {{C:/Users/johnn/Documents/.ActuallyDocuments/cpe487/CPE487_Project/IR Transmitter Code 0.9/Transmission.srcs/sources_1/new/sig.vhd}}
update_compile_order -fileset sources_1
update_compile_order -fileset sources_1
update_compile_order -fileset sources_1
launch_simulation
Command: launch_simulation 
INFO: [Vivado 12-12493] Simulation top is 'top'
WARNING: [Vivado 12-13340] Unable to auto find GCC executables from simulator install path! (path not set)
WARNING: [Vivado 12-13277] Compiled library path does not exist: ''
INFO: [Vivado 12-5682] Launching behavioral simulation in 'C:/Users/johnn/Documents/.ActuallyDocuments/cpe487/CPE487_Project/IR Transmitter Code 0.9/Transmission.sim/sim_1/behav/xsim'
INFO: [SIM-utils-51] Simulation object is 'sim_1'
INFO: [SIM-utils-72] Using boost library from 'C:/Xilinx/Vivado/2022.2/tps/boost_1_72_0'
INFO: [SIM-utils-54] Inspecting design source files for 'top' in fileset 'sim_1'...
INFO: [USF-XSim-97] Finding global include files...
INFO: [USF-XSim-98] Fetching design files from 'sim_1'...
INFO: [USF-XSim-2] XSim::Compile design
INFO: [USF-XSim-61] Executing 'COMPILE and ANALYZE' step in 'C:/Users/johnn/Documents/.ActuallyDocuments/cpe487/CPE487_Project/IR Transmitter Code 0.9/Transmission.sim/sim_1/behav/xsim'
"xvhdl --incr --relax -prj top_vhdl.prj"
INFO: [VRFC 10-163] Analyzing VHDL file "C:/Users/johnn/Documents/.ActuallyDocuments/cpe487/CPE487_Project/IR Transmitter Code 0.9/Transmission.srcs/sources_1/new/7segdisplay.vhd" into library xil_defaultlib
INFO: [VRFC 10-3107] analyzing entity 'seg7decimal'
INFO: [VRFC 10-163] Analyzing VHDL file "C:/Users/johnn/Documents/.ActuallyDocuments/cpe487/CPE487_Project/IR Transmitter Code 0.9/Transmission.srcs/sources_1/new/PS2Receiver.vhd" into library xil_defaultlib
INFO: [VRFC 10-3107] analyzing entity 'PS2Receiver'
INFO: [VRFC 10-163] Analyzing VHDL file "C:/Users/johnn/Documents/.ActuallyDocuments/cpe487/CPE487_Project/IR Transmitter Code 0.9/Transmission.srcs/sources_1/new/PWM.vhd" into library xil_defaultlib
INFO: [VRFC 10-3107] analyzing entity 'pwm'
INFO: [VRFC 10-163] Analyzing VHDL file "C:/Users/johnn/Documents/.ActuallyDocuments/cpe487/CPE487_Project/IR Transmitter Code 0.9/Transmission.srcs/sources_1/new/debouncer.vhd" into library xil_defaultlib
INFO: [VRFC 10-3107] analyzing entity 'debouncer'
INFO: [VRFC 10-163] Analyzing VHDL file "C:/Users/johnn/Documents/.ActuallyDocuments/cpe487/CPE487_Project/IR Transmitter Code 0.9/Transmission.srcs/sources_1/new/signalmapper.vhd" into library xil_defaultlib
INFO: [VRFC 10-3107] analyzing entity 'sig'
ERROR: [VRFC 10-2989] 'data_line' is not declared [C:/Users/johnn/Documents/.ActuallyDocuments/cpe487/CPE487_Project/IR Transmitter Code 0.9/Transmission.srcs/sources_1/new/signalmapper.vhd:62]
ERROR: [VRFC 10-2989] 'data_line' is not declared [C:/Users/johnn/Documents/.ActuallyDocuments/cpe487/CPE487_Project/IR Transmitter Code 0.9/Transmission.srcs/sources_1/new/signalmapper.vhd:81]
ERROR: [VRFC 10-2989] 'data_line' is not declared [C:/Users/johnn/Documents/.ActuallyDocuments/cpe487/CPE487_Project/IR Transmitter Code 0.9/Transmission.srcs/sources_1/new/signalmapper.vhd:61]
ERROR: [VRFC 10-9458] unit 'behavioral' is ignored due to previous errors [C:/Users/johnn/Documents/.ActuallyDocuments/cpe487/CPE487_Project/IR Transmitter Code 0.9/Transmission.srcs/sources_1/new/signalmapper.vhd:17]
INFO: [VRFC 10-8704] VHDL file 'C:/Users/johnn/Documents/.ActuallyDocuments/cpe487/CPE487_Project/IR Transmitter Code 0.9/Transmission.srcs/sources_1/new/signalmapper.vhd' is ignored due to errors
INFO: [USF-XSim-69] 'compile' step finished in '2' seconds
INFO: [USF-XSim-99] Step results log file:'C:/Users/johnn/Documents/.ActuallyDocuments/cpe487/CPE487_Project/IR Transmitter Code 0.9/Transmission.sim/sim_1/behav/xsim/xvhdl.log'
ERROR: [USF-XSim-62] 'compile' step failed with error(s). Please check the Tcl console output or 'C:/Users/johnn/Documents/.ActuallyDocuments/cpe487/CPE487_Project/IR Transmitter Code 0.9/Transmission.sim/sim_1/behav/xsim/xvhdl.log' file for more information.
ERROR: [Vivado 12-4473] Detected error while running simulation. Please correct the issue and retry this operation.
ERROR: [Common 17-39] 'launch_simulation' failed due to earlier errors.
set_property dataflow_viewer_settings "min_width=16"   [current_fileset]
WARNING: [filemgmt 56-199] Attempt to get parsing info during refresh. "On-the-fly" syntax checking information may be incorrect. [C:\Users\johnn\Documents\.ActuallyDocuments\cpe487\CPE487_Project\IR Transmitter Code 0.9\Transmission.srcs\sources_1\new\7segdisplay.vhd:]
WARNING: [filemgmt 56-199] Attempt to get parsing info during refresh. "On-the-fly" syntax checking information may be incorrect. [C:\Users\johnn\Documents\.ActuallyDocuments\cpe487\CPE487_Project\IR Transmitter Code 0.9\Transmission.srcs\sources_1\new\PS2Receiver.vhd:]
WARNING: [filemgmt 56-199] Attempt to get parsing info during refresh. "On-the-fly" syntax checking information may be incorrect. [C:\Users\johnn\Documents\.ActuallyDocuments\cpe487\CPE487_Project\IR Transmitter Code 0.9\Transmission.srcs\sources_1\new\signalmapper.vhd:]
WARNING: [filemgmt 56-199] Attempt to get parsing info during refresh. "On-the-fly" syntax checking information may be incorrect. [C:\Users\johnn\Documents\.ActuallyDocuments\cpe487\CPE487_Project\IR Transmitter Code 0.9\Transmission.srcs\sources_1\new\top.vhd:]
WARNING: [filemgmt 56-199] Attempt to get parsing info during refresh. "On-the-fly" syntax checking information may be incorrect. [C:\Users\johnn\Documents\.ActuallyDocuments\cpe487\CPE487_Project\IR Transmitter Code 0.9\Transmission.srcs\sources_1\new\PWM.vhd:]
WARNING: [filemgmt 56-199] Attempt to get parsing info during refresh. "On-the-fly" syntax checking information may be incorrect. [C:\Users\johnn\Documents\.ActuallyDocuments\cpe487\CPE487_Project\IR Transmitter Code 0.9\Transmission.srcs\sources_1\new\7segdisplay.vhd:]
WARNING: [filemgmt 56-199] Attempt to get parsing info during refresh. "On-the-fly" syntax checking information may be incorrect. [C:\Users\johnn\Documents\.ActuallyDocuments\cpe487\CPE487_Project\IR Transmitter Code 0.9\Transmission.srcs\sources_1\new\PS2Receiver.vhd:]
WARNING: [filemgmt 56-199] Attempt to get parsing info during refresh. "On-the-fly" syntax checking information may be incorrect. [C:\Users\johnn\Documents\.ActuallyDocuments\cpe487\CPE487_Project\IR Transmitter Code 0.9\Transmission.srcs\sources_1\new\signalmapper.vhd:]
WARNING: [filemgmt 56-199] Attempt to get parsing info during refresh. "On-the-fly" syntax checking information may be incorrect. [C:\Users\johnn\Documents\.ActuallyDocuments\cpe487\CPE487_Project\IR Transmitter Code 0.9\Transmission.srcs\sources_1\new\top.vhd:]
WARNING: [filemgmt 56-199] Attempt to get parsing info during refresh. "On-the-fly" syntax checking information may be incorrect. [C:\Users\johnn\Documents\.ActuallyDocuments\cpe487\CPE487_Project\IR Transmitter Code 0.9\Transmission.srcs\sources_1\new\PWM.vhd:]
WARNING: [filemgmt 56-199] Attempt to get parsing info during refresh. "On-the-fly" syntax checking information may be incorrect. [C:\Users\johnn\Documents\.ActuallyDocuments\cpe487\CPE487_Project\IR Transmitter Code 0.9\Transmission.srcs\sources_1\new\7segdisplay.vhd:]
WARNING: [filemgmt 56-199] Attempt to get parsing info during refresh. "On-the-fly" syntax checking information may be incorrect. [C:\Users\johnn\Documents\.ActuallyDocuments\cpe487\CPE487_Project\IR Transmitter Code 0.9\Transmission.srcs\sources_1\new\PS2Receiver.vhd:]
WARNING: [filemgmt 56-199] Attempt to get parsing info during refresh. "On-the-fly" syntax checking information may be incorrect. [C:\Users\johnn\Documents\.ActuallyDocuments\cpe487\CPE487_Project\IR Transmitter Code 0.9\Transmission.srcs\sources_1\new\signalmapper.vhd:]
WARNING: [filemgmt 56-199] Attempt to get parsing info during refresh. "On-the-fly" syntax checking information may be incorrect. [C:\Users\johnn\Documents\.ActuallyDocuments\cpe487\CPE487_Project\IR Transmitter Code 0.9\Transmission.srcs\sources_1\new\top.vhd:]
WARNING: [filemgmt 56-199] Attempt to get parsing info during refresh. "On-the-fly" syntax checking information may be incorrect. [C:\Users\johnn\Documents\.ActuallyDocuments\cpe487\CPE487_Project\IR Transmitter Code 0.9\Transmission.srcs\sources_1\new\PWM.vhd:]
WARNING: [filemgmt 56-199] Attempt to get parsing info during refresh. "On-the-fly" syntax checking information may be incorrect. [C:\Users\johnn\Documents\.ActuallyDocuments\cpe487\CPE487_Project\IR Transmitter Code 0.9\Transmission.srcs\sources_1\new\7segdisplay.vhd:]
WARNING: [filemgmt 56-199] Attempt to get parsing info during refresh. "On-the-fly" syntax checking information may be incorrect. [C:\Users\johnn\Documents\.ActuallyDocuments\cpe487\CPE487_Project\IR Transmitter Code 0.9\Transmission.srcs\sources_1\new\PS2Receiver.vhd:]
WARNING: [filemgmt 56-199] Attempt to get parsing info during refresh. "On-the-fly" syntax checking information may be incorrect. [C:\Users\johnn\Documents\.ActuallyDocuments\cpe487\CPE487_Project\IR Transmitter Code 0.9\Transmission.srcs\sources_1\new\signalmapper.vhd:]
WARNING: [filemgmt 56-199] Attempt to get parsing info during refresh. "On-the-fly" syntax checking information may be incorrect. [C:\Users\johnn\Documents\.ActuallyDocuments\cpe487\CPE487_Project\IR Transmitter Code 0.9\Transmission.srcs\sources_1\new\top.vhd:]
WARNING: [filemgmt 56-199] Attempt to get parsing info during refresh. "On-the-fly" syntax checking information may be incorrect. [C:\Users\johnn\Documents\.ActuallyDocuments\cpe487\CPE487_Project\IR Transmitter Code 0.9\Transmission.srcs\sources_1\new\PWM.vhd:]
ERROR: [Common 17-180] Spawn failed: No error
launch_simulation
Command: launch_simulation 
INFO: [Vivado 12-12493] Simulation top is 'top'
WARNING: [Vivado 12-13340] Unable to auto find GCC executables from simulator install path! (path not set)
WARNING: [Vivado 12-13277] Compiled library path does not exist: ''
INFO: [Vivado 12-5682] Launching behavioral simulation in 'C:/Users/johnn/Documents/.ActuallyDocuments/cpe487/CPE487_Project/IR Transmitter Code 0.9/Transmission.sim/sim_1/behav/xsim'
INFO: [SIM-utils-51] Simulation object is 'sim_1'
INFO: [SIM-utils-72] Using boost library from 'C:/Xilinx/Vivado/2022.2/tps/boost_1_72_0'
INFO: [SIM-utils-54] Inspecting design source files for 'top' in fileset 'sim_1'...
INFO: [USF-XSim-97] Finding global include files...
INFO: [USF-XSim-98] Fetching design files from 'sim_1'...
INFO: [USF-XSim-2] XSim::Compile design
INFO: [USF-XSim-61] Executing 'COMPILE and ANALYZE' step in 'C:/Users/johnn/Documents/.ActuallyDocuments/cpe487/CPE487_Project/IR Transmitter Code 0.9/Transmission.sim/sim_1/behav/xsim'
"xvhdl --incr --relax -prj top_vhdl.prj"
INFO: [VRFC 10-163] Analyzing VHDL file "C:/Users/johnn/Documents/.ActuallyDocuments/cpe487/CPE487_Project/IR Transmitter Code 0.9/Transmission.srcs/sources_1/new/7segdisplay.vhd" into library xil_defaultlib
INFO: [VRFC 10-3107] analyzing entity 'seg7decimal'
INFO: [VRFC 10-163] Analyzing VHDL file "C:/Users/johnn/Documents/.ActuallyDocuments/cpe487/CPE487_Project/IR Transmitter Code 0.9/Transmission.srcs/sources_1/new/PS2Receiver.vhd" into library xil_defaultlib
INFO: [VRFC 10-3107] analyzing entity 'PS2Receiver'
INFO: [VRFC 10-163] Analyzing VHDL file "C:/Users/johnn/Documents/.ActuallyDocuments/cpe487/CPE487_Project/IR Transmitter Code 0.9/Transmission.srcs/sources_1/new/PWM.vhd" into library xil_defaultlib
INFO: [VRFC 10-3107] analyzing entity 'pwm'
INFO: [VRFC 10-163] Analyzing VHDL file "C:/Users/johnn/Documents/.ActuallyDocuments/cpe487/CPE487_Project/IR Transmitter Code 0.9/Transmission.srcs/sources_1/new/debouncer.vhd" into library xil_defaultlib
INFO: [VRFC 10-3107] analyzing entity 'debouncer'
INFO: [VRFC 10-163] Analyzing VHDL file "C:/Users/johnn/Documents/.ActuallyDocuments/cpe487/CPE487_Project/IR Transmitter Code 0.9/Transmission.srcs/sources_1/new/signalmapper.vhd" into library xil_defaultlib
INFO: [VRFC 10-3107] analyzing entity 'sig'
ERROR: [VRFC 10-2989] 'data_line' is not declared [C:/Users/johnn/Documents/.ActuallyDocuments/cpe487/CPE487_Project/IR Transmitter Code 0.9/Transmission.srcs/sources_1/new/signalmapper.vhd:62]
ERROR: [VRFC 10-2989] 'data_line' is not declared [C:/Users/johnn/Documents/.ActuallyDocuments/cpe487/CPE487_Project/IR Transmitter Code 0.9/Transmission.srcs/sources_1/new/signalmapper.vhd:81]
ERROR: [VRFC 10-2989] 'data_line' is not declared [C:/Users/johnn/Documents/.ActuallyDocuments/cpe487/CPE487_Project/IR Transmitter Code 0.9/Transmission.srcs/sources_1/new/signalmapper.vhd:61]
ERROR: [VRFC 10-9458] unit 'behavioral' is ignored due to previous errors [C:/Users/johnn/Documents/.ActuallyDocuments/cpe487/CPE487_Project/IR Transmitter Code 0.9/Transmission.srcs/sources_1/new/signalmapper.vhd:17]
INFO: [VRFC 10-8704] VHDL file 'C:/Users/johnn/Documents/.ActuallyDocuments/cpe487/CPE487_Project/IR Transmitter Code 0.9/Transmission.srcs/sources_1/new/signalmapper.vhd' is ignored due to errors
INFO: [USF-XSim-69] 'compile' step finished in '1' seconds
INFO: [USF-XSim-99] Step results log file:'C:/Users/johnn/Documents/.ActuallyDocuments/cpe487/CPE487_Project/IR Transmitter Code 0.9/Transmission.sim/sim_1/behav/xsim/xvhdl.log'
ERROR: [USF-XSim-62] 'compile' step failed with error(s). Please check the Tcl console output or 'C:/Users/johnn/Documents/.ActuallyDocuments/cpe487/CPE487_Project/IR Transmitter Code 0.9/Transmission.sim/sim_1/behav/xsim/xvhdl.log' file for more information.
ERROR: [Vivado 12-4473] Detected error while running simulation. Please correct the issue and retry this operation.
ERROR: [Common 17-39] 'launch_simulation' failed due to earlier errors.
launch_simulation
Command: launch_simulation 
INFO: [Vivado 12-12493] Simulation top is 'top'
WARNING: [Vivado 12-13340] Unable to auto find GCC executables from simulator install path! (path not set)
WARNING: [Vivado 12-13277] Compiled library path does not exist: ''
INFO: [Vivado 12-5682] Launching behavioral simulation in 'C:/Users/johnn/Documents/.ActuallyDocuments/cpe487/CPE487_Project/IR Transmitter Code 0.9/Transmission.sim/sim_1/behav/xsim'
INFO: [SIM-utils-51] Simulation object is 'sim_1'
INFO: [SIM-utils-72] Using boost library from 'C:/Xilinx/Vivado/2022.2/tps/boost_1_72_0'
INFO: [SIM-utils-54] Inspecting design source files for 'top' in fileset 'sim_1'...
INFO: [USF-XSim-97] Finding global include files...
INFO: [USF-XSim-98] Fetching design files from 'sim_1'...
INFO: [USF-XSim-2] XSim::Compile design
INFO: [USF-XSim-61] Executing 'COMPILE and ANALYZE' step in 'C:/Users/johnn/Documents/.ActuallyDocuments/cpe487/CPE487_Project/IR Transmitter Code 0.9/Transmission.sim/sim_1/behav/xsim'
"xvhdl --incr --relax -prj top_vhdl.prj"
INFO: [VRFC 10-163] Analyzing VHDL file "C:/Users/johnn/Documents/.ActuallyDocuments/cpe487/CPE487_Project/IR Transmitter Code 0.9/Transmission.srcs/sources_1/new/7segdisplay.vhd" into library xil_defaultlib
INFO: [VRFC 10-3107] analyzing entity 'seg7decimal'
INFO: [VRFC 10-163] Analyzing VHDL file "C:/Users/johnn/Documents/.ActuallyDocuments/cpe487/CPE487_Project/IR Transmitter Code 0.9/Transmission.srcs/sources_1/new/PS2Receiver.vhd" into library xil_defaultlib
INFO: [VRFC 10-3107] analyzing entity 'PS2Receiver'
INFO: [VRFC 10-163] Analyzing VHDL file "C:/Users/johnn/Documents/.ActuallyDocuments/cpe487/CPE487_Project/IR Transmitter Code 0.9/Transmission.srcs/sources_1/new/PWM.vhd" into library xil_defaultlib
INFO: [VRFC 10-3107] analyzing entity 'pwm'
INFO: [VRFC 10-163] Analyzing VHDL file "C:/Users/johnn/Documents/.ActuallyDocuments/cpe487/CPE487_Project/IR Transmitter Code 0.9/Transmission.srcs/sources_1/new/debouncer.vhd" into library xil_defaultlib
INFO: [VRFC 10-3107] analyzing entity 'debouncer'
INFO: [VRFC 10-163] Analyzing VHDL file "C:/Users/johnn/Documents/.ActuallyDocuments/cpe487/CPE487_Project/IR Transmitter Code 0.9/Transmission.srcs/sources_1/new/signalmapper.vhd" into library xil_defaultlib
INFO: [VRFC 10-3107] analyzing entity 'sig'
INFO: [VRFC 10-163] Analyzing VHDL file "C:/Users/johnn/Documents/.ActuallyDocuments/cpe487/CPE487_Project/IR Transmitter Code 0.9/Transmission.srcs/sources_1/new/top.vhd" into library xil_defaultlib
INFO: [VRFC 10-3107] analyzing entity 'top'
INFO: [USF-XSim-69] 'compile' step finished in '2' seconds
INFO: [USF-XSim-3] XSim::Elaborate design
INFO: [USF-XSim-61] Executing 'ELABORATE' step in 'C:/Users/johnn/Documents/.ActuallyDocuments/cpe487/CPE487_Project/IR Transmitter Code 0.9/Transmission.sim/sim_1/behav/xsim'
"xelab --incr --debug typical --relax --mt 2 -L xil_defaultlib -L secureip --snapshot top_behav xil_defaultlib.top -log elaborate.log"
Vivado Simulator v2022.2
Copyright 1986-1999, 2001-2022 Xilinx, Inc. All Rights Reserved.
Running: C:/Xilinx/Vivado/2022.2/bin/unwrapped/win64.o/xelab.exe --incr --debug typical --relax --mt 2 -L xil_defaultlib -L secureip --snapshot top_behav xil_defaultlib.top -log elaborate.log 
Using 2 slave threads.
Starting static elaboration
WARNING: [VRFC 10-1537] value 0 is out of target constraint range 12 to 0 [C:/Users/johnn/Documents/.ActuallyDocuments/cpe487/CPE487_Project/IR Transmitter Code 0.9/Transmission.srcs/sources_1/new/signalmapper.vhd:28]
WARNING: [VRFC 10-1537] value 0 is out of target constraint range 2 to 0 [C:/Users/johnn/Documents/.ActuallyDocuments/cpe487/CPE487_Project/IR Transmitter Code 0.9/Transmission.srcs/sources_1/new/signalmapper.vhd:29]
WARNING: [VRFC 10-1537] value 0 is out of target constraint range 304 to 0 [C:/Users/johnn/Documents/.ActuallyDocuments/cpe487/CPE487_Project/IR Transmitter Code 0.9/Transmission.srcs/sources_1/new/signalmapper.vhd:30]
ERROR: [VRFC 10-666] expression has 32 elements; expected 12 [C:/Users/johnn/Documents/.ActuallyDocuments/cpe487/CPE487_Project/IR Transmitter Code 0.9/Transmission.srcs/sources_1/new/signalmapper.vhd:35]
ERROR: [XSIM 43-3321] Static elaboration of top level VHDL design unit top in library work failed.
INFO: [USF-XSim-69] 'elaborate' step finished in '2' seconds
INFO: [USF-XSim-99] Step results log file:'C:/Users/johnn/Documents/.ActuallyDocuments/cpe487/CPE487_Project/IR Transmitter Code 0.9/Transmission.sim/sim_1/behav/xsim/elaborate.log'
ERROR: [USF-XSim-62] 'elaborate' step failed with error(s). Please check the Tcl console output or 'C:/Users/johnn/Documents/.ActuallyDocuments/cpe487/CPE487_Project/IR Transmitter Code 0.9/Transmission.sim/sim_1/behav/xsim/elaborate.log' file for more information.
ERROR: [Vivado 12-4473] Detected error while running simulation. Please correct the issue and retry this operation.
ERROR: [Common 17-39] 'launch_simulation' failed due to earlier errors.
launch_simulation
Command: launch_simulation 
INFO: [Vivado 12-12493] Simulation top is 'top'
WARNING: [Vivado 12-13340] Unable to auto find GCC executables from simulator install path! (path not set)
WARNING: [Vivado 12-13277] Compiled library path does not exist: ''
INFO: [Vivado 12-5682] Launching behavioral simulation in 'C:/Users/johnn/Documents/.ActuallyDocuments/cpe487/CPE487_Project/IR Transmitter Code 0.9/Transmission.sim/sim_1/behav/xsim'
INFO: [SIM-utils-51] Simulation object is 'sim_1'
INFO: [SIM-utils-72] Using boost library from 'C:/Xilinx/Vivado/2022.2/tps/boost_1_72_0'
INFO: [SIM-utils-54] Inspecting design source files for 'top' in fileset 'sim_1'...
INFO: [USF-XSim-97] Finding global include files...
INFO: [USF-XSim-98] Fetching design files from 'sim_1'...
INFO: [USF-XSim-2] XSim::Compile design
INFO: [USF-XSim-61] Executing 'COMPILE and ANALYZE' step in 'C:/Users/johnn/Documents/.ActuallyDocuments/cpe487/CPE487_Project/IR Transmitter Code 0.9/Transmission.sim/sim_1/behav/xsim'
"xvhdl --incr --relax -prj top_vhdl.prj"
INFO: [VRFC 10-163] Analyzing VHDL file "C:/Users/johnn/Documents/.ActuallyDocuments/cpe487/CPE487_Project/IR Transmitter Code 0.9/Transmission.srcs/sources_1/new/signalmapper.vhd" into library xil_defaultlib
INFO: [VRFC 10-3107] analyzing entity 'sig'
INFO: [VRFC 10-163] Analyzing VHDL file "C:/Users/johnn/Documents/.ActuallyDocuments/cpe487/CPE487_Project/IR Transmitter Code 0.9/Transmission.srcs/sources_1/new/top.vhd" into library xil_defaultlib
INFO: [VRFC 10-3107] analyzing entity 'top'
INFO: [USF-XSim-69] 'compile' step finished in '2' seconds
INFO: [USF-XSim-3] XSim::Elaborate design
INFO: [USF-XSim-61] Executing 'ELABORATE' step in 'C:/Users/johnn/Documents/.ActuallyDocuments/cpe487/CPE487_Project/IR Transmitter Code 0.9/Transmission.sim/sim_1/behav/xsim'
"xelab --incr --debug typical --relax --mt 2 -L xil_defaultlib -L secureip --snapshot top_behav xil_defaultlib.top -log elaborate.log"
Vivado Simulator v2022.2
Copyright 1986-1999, 2001-2022 Xilinx, Inc. All Rights Reserved.
Running: C:/Xilinx/Vivado/2022.2/bin/unwrapped/win64.o/xelab.exe --incr --debug typical --relax --mt 2 -L xil_defaultlib -L secureip --snapshot top_behav xil_defaultlib.top -log elaborate.log 
Using 2 slave threads.
Starting static elaboration
WARNING: [VRFC 10-1537] value 0 is out of target constraint range 12 to 0 [C:/Users/johnn/Documents/.ActuallyDocuments/cpe487/CPE487_Project/IR Transmitter Code 0.9/Transmission.srcs/sources_1/new/signalmapper.vhd:28]
WARNING: [VRFC 10-1537] value 0 is out of target constraint range 2 to 0 [C:/Users/johnn/Documents/.ActuallyDocuments/cpe487/CPE487_Project/IR Transmitter Code 0.9/Transmission.srcs/sources_1/new/signalmapper.vhd:29]
WARNING: [VRFC 10-1537] value 0 is out of target constraint range 304 to 0 [C:/Users/johnn/Documents/.ActuallyDocuments/cpe487/CPE487_Project/IR Transmitter Code 0.9/Transmission.srcs/sources_1/new/signalmapper.vhd:30]
ERROR: [VRFC 10-666] expression has 16 elements; expected 32 [C:/Users/johnn/Documents/.ActuallyDocuments/cpe487/CPE487_Project/IR Transmitter Code 0.9/Transmission.srcs/sources_1/new/signalmapper.vhd:62]
ERROR: [XSIM 43-3321] Static elaboration of top level VHDL design unit top in library work failed.
INFO: [USF-XSim-69] 'elaborate' step finished in '2' seconds
INFO: [USF-XSim-99] Step results log file:'C:/Users/johnn/Documents/.ActuallyDocuments/cpe487/CPE487_Project/IR Transmitter Code 0.9/Transmission.sim/sim_1/behav/xsim/elaborate.log'
ERROR: [USF-XSim-62] 'elaborate' step failed with error(s). Please check the Tcl console output or 'C:/Users/johnn/Documents/.ActuallyDocuments/cpe487/CPE487_Project/IR Transmitter Code 0.9/Transmission.sim/sim_1/behav/xsim/elaborate.log' file for more information.
ERROR: [Vivado 12-4473] Detected error while running simulation. Please correct the issue and retry this operation.
ERROR: [Common 17-39] 'launch_simulation' failed due to earlier errors.
launch_simulation
Command: launch_simulation 
INFO: [Vivado 12-12493] Simulation top is 'top'
WARNING: [Vivado 12-13340] Unable to auto find GCC executables from simulator install path! (path not set)
WARNING: [Vivado 12-13277] Compiled library path does not exist: ''
INFO: [Vivado 12-5682] Launching behavioral simulation in 'C:/Users/johnn/Documents/.ActuallyDocuments/cpe487/CPE487_Project/IR Transmitter Code 0.9/Transmission.sim/sim_1/behav/xsim'
INFO: [SIM-utils-51] Simulation object is 'sim_1'
INFO: [SIM-utils-72] Using boost library from 'C:/Xilinx/Vivado/2022.2/tps/boost_1_72_0'
INFO: [SIM-utils-54] Inspecting design source files for 'top' in fileset 'sim_1'...
INFO: [USF-XSim-97] Finding global include files...
INFO: [USF-XSim-98] Fetching design files from 'sim_1'...
INFO: [USF-XSim-2] XSim::Compile design
INFO: [USF-XSim-61] Executing 'COMPILE and ANALYZE' step in 'C:/Users/johnn/Documents/.ActuallyDocuments/cpe487/CPE487_Project/IR Transmitter Code 0.9/Transmission.sim/sim_1/behav/xsim'
"xvhdl --incr --relax -prj top_vhdl.prj"
INFO: [VRFC 10-163] Analyzing VHDL file "C:/Users/johnn/Documents/.ActuallyDocuments/cpe487/CPE487_Project/IR Transmitter Code 0.9/Transmission.srcs/sources_1/new/signalmapper.vhd" into library xil_defaultlib
INFO: [VRFC 10-3107] analyzing entity 'sig'
INFO: [VRFC 10-163] Analyzing VHDL file "C:/Users/johnn/Documents/.ActuallyDocuments/cpe487/CPE487_Project/IR Transmitter Code 0.9/Transmission.srcs/sources_1/new/top.vhd" into library xil_defaultlib
INFO: [VRFC 10-3107] analyzing entity 'top'
INFO: [USF-XSim-69] 'compile' step finished in '2' seconds
INFO: [USF-XSim-3] XSim::Elaborate design
INFO: [USF-XSim-61] Executing 'ELABORATE' step in 'C:/Users/johnn/Documents/.ActuallyDocuments/cpe487/CPE487_Project/IR Transmitter Code 0.9/Transmission.sim/sim_1/behav/xsim'
"xelab --incr --debug typical --relax --mt 2 -L xil_defaultlib -L secureip --snapshot top_behav xil_defaultlib.top -log elaborate.log"
Vivado Simulator v2022.2
Copyright 1986-1999, 2001-2022 Xilinx, Inc. All Rights Reserved.
Running: C:/Xilinx/Vivado/2022.2/bin/unwrapped/win64.o/xelab.exe --incr --debug typical --relax --mt 2 -L xil_defaultlib -L secureip --snapshot top_behav xil_defaultlib.top -log elaborate.log 
Using 2 slave threads.
Starting static elaboration
WARNING: [VRFC 10-1537] value 0 is out of target constraint range 12 to 0 [C:/Users/johnn/Documents/.ActuallyDocuments/cpe487/CPE487_Project/IR Transmitter Code 0.9/Transmission.srcs/sources_1/new/signalmapper.vhd:28]
WARNING: [VRFC 10-1537] value 0 is out of target constraint range 2 to 0 [C:/Users/johnn/Documents/.ActuallyDocuments/cpe487/CPE487_Project/IR Transmitter Code 0.9/Transmission.srcs/sources_1/new/signalmapper.vhd:29]
WARNING: [VRFC 10-1537] value 0 is out of target constraint range 304 to 0 [C:/Users/johnn/Documents/.ActuallyDocuments/cpe487/CPE487_Project/IR Transmitter Code 0.9/Transmission.srcs/sources_1/new/signalmapper.vhd:30]
Completed static elaboration
Starting simulation data flow analysis
Completed simulation data flow analysis
ERROR: [XSIM 43-3249] File C:/Users/johnn/Documents/.ActuallyDocuments/cpe487/CPE487_Project/IR Transmitter Code 0.9/Transmission.srcs/sources_1/new/signalmapper.vhd, line 21. Unresolved signal "keycode_detected" is multiply driven.
INFO: [USF-XSim-69] 'elaborate' step finished in '1' seconds
INFO: [USF-XSim-99] Step results log file:'C:/Users/johnn/Documents/.ActuallyDocuments/cpe487/CPE487_Project/IR Transmitter Code 0.9/Transmission.sim/sim_1/behav/xsim/elaborate.log'
ERROR: [USF-XSim-62] 'elaborate' step failed with error(s). Please check the Tcl console output or 'C:/Users/johnn/Documents/.ActuallyDocuments/cpe487/CPE487_Project/IR Transmitter Code 0.9/Transmission.sim/sim_1/behav/xsim/elaborate.log' file for more information.
ERROR: [Vivado 12-4473] Detected error while running simulation. Please correct the issue and retry this operation.
ERROR: [Common 17-39] 'launch_simulation' failed due to earlier errors.
launch_simulation
Command: launch_simulation 
INFO: [Vivado 12-12493] Simulation top is 'top'
WARNING: [Vivado 12-13340] Unable to auto find GCC executables from simulator install path! (path not set)
WARNING: [Vivado 12-13277] Compiled library path does not exist: ''
INFO: [Vivado 12-5682] Launching behavioral simulation in 'C:/Users/johnn/Documents/.ActuallyDocuments/cpe487/CPE487_Project/IR Transmitter Code 0.9/Transmission.sim/sim_1/behav/xsim'
INFO: [SIM-utils-51] Simulation object is 'sim_1'
INFO: [SIM-utils-72] Using boost library from 'C:/Xilinx/Vivado/2022.2/tps/boost_1_72_0'
INFO: [SIM-utils-54] Inspecting design source files for 'top' in fileset 'sim_1'...
INFO: [USF-XSim-97] Finding global include files...
INFO: [USF-XSim-98] Fetching design files from 'sim_1'...
INFO: [USF-XSim-2] XSim::Compile design
INFO: [USF-XSim-61] Executing 'COMPILE and ANALYZE' step in 'C:/Users/johnn/Documents/.ActuallyDocuments/cpe487/CPE487_Project/IR Transmitter Code 0.9/Transmission.sim/sim_1/behav/xsim'
"xvhdl --incr --relax -prj top_vhdl.prj"
INFO: [VRFC 10-163] Analyzing VHDL file "C:/Users/johnn/Documents/.ActuallyDocuments/cpe487/CPE487_Project/IR Transmitter Code 0.9/Transmission.srcs/sources_1/new/signalmapper.vhd" into library xil_defaultlib
INFO: [VRFC 10-3107] analyzing entity 'sig'
INFO: [VRFC 10-163] Analyzing VHDL file "C:/Users/johnn/Documents/.ActuallyDocuments/cpe487/CPE487_Project/IR Transmitter Code 0.9/Transmission.srcs/sources_1/new/top.vhd" into library xil_defaultlib
INFO: [VRFC 10-3107] analyzing entity 'top'
INFO: [USF-XSim-69] 'compile' step finished in '2' seconds
INFO: [USF-XSim-3] XSim::Elaborate design
INFO: [USF-XSim-61] Executing 'ELABORATE' step in 'C:/Users/johnn/Documents/.ActuallyDocuments/cpe487/CPE487_Project/IR Transmitter Code 0.9/Transmission.sim/sim_1/behav/xsim'
"xelab --incr --debug typical --relax --mt 2 -L xil_defaultlib -L secureip --snapshot top_behav xil_defaultlib.top -log elaborate.log"
Vivado Simulator v2022.2
Copyright 1986-1999, 2001-2022 Xilinx, Inc. All Rights Reserved.
Running: C:/Xilinx/Vivado/2022.2/bin/unwrapped/win64.o/xelab.exe --incr --debug typical --relax --mt 2 -L xil_defaultlib -L secureip --snapshot top_behav xil_defaultlib.top -log elaborate.log 
Using 2 slave threads.
Starting static elaboration
Completed static elaboration
Starting simulation data flow analysis
Completed simulation data flow analysis
ERROR: [XSIM 43-3249] File C:/Users/johnn/Documents/.ActuallyDocuments/cpe487/CPE487_Project/IR Transmitter Code 0.9/Transmission.srcs/sources_1/new/signalmapper.vhd, line 21. Unresolved signal "keycode_detected" is multiply driven.
INFO: [USF-XSim-69] 'elaborate' step finished in '1' seconds
INFO: [USF-XSim-99] Step results log file:'C:/Users/johnn/Documents/.ActuallyDocuments/cpe487/CPE487_Project/IR Transmitter Code 0.9/Transmission.sim/sim_1/behav/xsim/elaborate.log'
ERROR: [USF-XSim-62] 'elaborate' step failed with error(s). Please check the Tcl console output or 'C:/Users/johnn/Documents/.ActuallyDocuments/cpe487/CPE487_Project/IR Transmitter Code 0.9/Transmission.sim/sim_1/behav/xsim/elaborate.log' file for more information.
ERROR: [Vivado 12-4473] Detected error while running simulation. Please correct the issue and retry this operation.
ERROR: [Common 17-39] 'launch_simulation' failed due to earlier errors.
launch_simulation
Command: launch_simulation 
INFO: [Vivado 12-12493] Simulation top is 'top'
WARNING: [Vivado 12-13340] Unable to auto find GCC executables from simulator install path! (path not set)
WARNING: [Vivado 12-13277] Compiled library path does not exist: ''
INFO: [Vivado 12-5682] Launching behavioral simulation in 'C:/Users/johnn/Documents/.ActuallyDocuments/cpe487/CPE487_Project/IR Transmitter Code 0.9/Transmission.sim/sim_1/behav/xsim'
INFO: [SIM-utils-51] Simulation object is 'sim_1'
INFO: [SIM-utils-72] Using boost library from 'C:/Xilinx/Vivado/2022.2/tps/boost_1_72_0'
INFO: [SIM-utils-54] Inspecting design source files for 'top' in fileset 'sim_1'...
INFO: [USF-XSim-97] Finding global include files...
INFO: [USF-XSim-98] Fetching design files from 'sim_1'...
INFO: [USF-XSim-2] XSim::Compile design
INFO: [USF-XSim-61] Executing 'COMPILE and ANALYZE' step in 'C:/Users/johnn/Documents/.ActuallyDocuments/cpe487/CPE487_Project/IR Transmitter Code 0.9/Transmission.sim/sim_1/behav/xsim'
"xvhdl --incr --relax -prj top_vhdl.prj"
INFO: [VRFC 10-163] Analyzing VHDL file "C:/Users/johnn/Documents/.ActuallyDocuments/cpe487/CPE487_Project/IR Transmitter Code 0.9/Transmission.srcs/sources_1/new/signalmapper.vhd" into library xil_defaultlib
INFO: [VRFC 10-3107] analyzing entity 'sig'
INFO: [VRFC 10-163] Analyzing VHDL file "C:/Users/johnn/Documents/.ActuallyDocuments/cpe487/CPE487_Project/IR Transmitter Code 0.9/Transmission.srcs/sources_1/new/top.vhd" into library xil_defaultlib
INFO: [VRFC 10-3107] analyzing entity 'top'
INFO: [USF-XSim-69] 'compile' step finished in '2' seconds
INFO: [USF-XSim-3] XSim::Elaborate design
INFO: [USF-XSim-61] Executing 'ELABORATE' step in 'C:/Users/johnn/Documents/.ActuallyDocuments/cpe487/CPE487_Project/IR Transmitter Code 0.9/Transmission.sim/sim_1/behav/xsim'
"xelab --incr --debug typical --relax --mt 2 -L xil_defaultlib -L secureip --snapshot top_behav xil_defaultlib.top -log elaborate.log"
Vivado Simulator v2022.2
Copyright 1986-1999, 2001-2022 Xilinx, Inc. All Rights Reserved.
Running: C:/Xilinx/Vivado/2022.2/bin/unwrapped/win64.o/xelab.exe --incr --debug typical --relax --mt 2 -L xil_defaultlib -L secureip --snapshot top_behav xil_defaultlib.top -log elaborate.log 
Using 2 slave threads.
Starting static elaboration
Completed static elaboration
Starting simulation data flow analysis
Completed simulation data flow analysis
Time Resolution for simulation is 1ps
Compiling package std.standard
Compiling package std.textio
Compiling package ieee.std_logic_1164
Compiling package ieee.std_logic_arith
Compiling package ieee.std_logic_unsigned
Compiling package ieee.numeric_std
Compiling package ieee.std_logic_signed
Compiling architecture behavioral of entity xil_defaultlib.debouncer [debouncer_default]
Compiling architecture behavioral of entity xil_defaultlib.PS2Receiver [ps2receiver_default]
Compiling architecture behavioral of entity xil_defaultlib.pwm [pwm_default]
Compiling architecture behavioral of entity xil_defaultlib.sig [sig_default]
Compiling architecture behavioral of entity xil_defaultlib.seg7decimal [seg7decimal_default]
Compiling architecture behavioral of entity xil_defaultlib.top
Built simulation snapshot top_behav
INFO: [USF-XSim-69] 'elaborate' step finished in '2' seconds
INFO: [USF-XSim-4] XSim::Simulate design
INFO: [USF-XSim-61] Executing 'SIMULATE' step in 'C:/Users/johnn/Documents/.ActuallyDocuments/cpe487/CPE487_Project/IR Transmitter Code 0.9/Transmission.sim/sim_1/behav/xsim'
INFO: [USF-XSim-98] *** Running xsim
   with args "top_behav -key {Behavioral:sim_1:Functional:top} -tclbatch {top.tcl} -log {simulate.log}"
INFO: [USF-XSim-8] Loading simulator feature
Time resolution is 1 ps
source top.tcl
# set curr_wave [current_wave_config]
# if { [string length $curr_wave] == 0 } {
#   if { [llength [get_objects]] > 0} {
#     add_wave /
#     set_property needs_save false [current_wave_config]
#   } else {
#      send_msg_id Add_Wave-1 WARNING "No top level signals found. Simulator will start without a wave window. If you want to open a wave window go to 'File->New Waveform Configuration' or type 'create_wave_config' in the TCL console."
#   }
# }
# run 1000ns
INFO: [USF-XSim-96] XSim completed. Design snapshot 'top_behav' loaded.
INFO: [USF-XSim-97] XSim simulation ran for 1000ns
launch_simulation: Time (s): cpu = 00:00:02 ; elapsed = 00:00:07 . Memory (MB): peak = 1334.512 ; gain = 0.000
run 1000 us
current_wave_config {Untitled 1}
Untitled 1
add_wave {{/top/pwm_module}} 
run 1000 us
run 1000 us
run 1000 us
run 1000 us
close_sim
INFO: [Simtcl 6-16] Simulation closed
launch_simulation
Command: launch_simulation 
INFO: [Vivado 12-12493] Simulation top is 'top'
WARNING: [Vivado 12-13340] Unable to auto find GCC executables from simulator install path! (path not set)
WARNING: [Vivado 12-13277] Compiled library path does not exist: ''
INFO: [Vivado 12-5682] Launching behavioral simulation in 'C:/Users/johnn/Documents/.ActuallyDocuments/cpe487/CPE487_Project/IR Transmitter Code 0.9/Transmission.sim/sim_1/behav/xsim'
INFO: [SIM-utils-51] Simulation object is 'sim_1'
INFO: [SIM-utils-72] Using boost library from 'C:/Xilinx/Vivado/2022.2/tps/boost_1_72_0'
INFO: [SIM-utils-54] Inspecting design source files for 'top' in fileset 'sim_1'...
INFO: [USF-XSim-97] Finding global include files...
INFO: [USF-XSim-98] Fetching design files from 'sim_1'...
INFO: [USF-XSim-2] XSim::Compile design
INFO: [USF-XSim-61] Executing 'COMPILE and ANALYZE' step in 'C:/Users/johnn/Documents/.ActuallyDocuments/cpe487/CPE487_Project/IR Transmitter Code 0.9/Transmission.sim/sim_1/behav/xsim'
"xvhdl --incr --relax -prj top_vhdl.prj"
INFO: [VRFC 10-163] Analyzing VHDL file "C:/Users/johnn/Documents/.ActuallyDocuments/cpe487/CPE487_Project/IR Transmitter Code 0.9/Transmission.srcs/sources_1/new/top.vhd" into library xil_defaultlib
INFO: [VRFC 10-3107] analyzing entity 'top'
INFO: [USF-XSim-69] 'compile' step finished in '1' seconds
INFO: [USF-XSim-3] XSim::Elaborate design
INFO: [USF-XSim-61] Executing 'ELABORATE' step in 'C:/Users/johnn/Documents/.ActuallyDocuments/cpe487/CPE487_Project/IR Transmitter Code 0.9/Transmission.sim/sim_1/behav/xsim'
"xelab --incr --debug typical --relax --mt 2 -L xil_defaultlib -L secureip --snapshot top_behav xil_defaultlib.top -log elaborate.log"
Vivado Simulator v2022.2
Copyright 1986-1999, 2001-2022 Xilinx, Inc. All Rights Reserved.
Running: C:/Xilinx/Vivado/2022.2/bin/unwrapped/win64.o/xelab.exe --incr --debug typical --relax --mt 2 -L xil_defaultlib -L secureip --snapshot top_behav xil_defaultlib.top -log elaborate.log 
Using 2 slave threads.
Starting static elaboration
Completed static elaboration
Starting simulation data flow analysis
Completed simulation data flow analysis
Time Resolution for simulation is 1ps
Compiling package std.standard
Compiling package std.textio
Compiling package ieee.std_logic_1164
Compiling package ieee.std_logic_arith
Compiling package ieee.std_logic_unsigned
Compiling package ieee.numeric_std
Compiling package ieee.std_logic_signed
Compiling architecture behavioral of entity xil_defaultlib.debouncer [debouncer_default]
Compiling architecture behavioral of entity xil_defaultlib.PS2Receiver [ps2receiver_default]
Compiling architecture behavioral of entity xil_defaultlib.pwm [pwm_default]
Compiling architecture behavioral of entity xil_defaultlib.sig [sig_default]
Compiling architecture behavioral of entity xil_defaultlib.seg7decimal [seg7decimal_default]
Compiling architecture behavioral of entity xil_defaultlib.top
Built simulation snapshot top_behav
INFO: [USF-XSim-69] 'elaborate' step finished in '2' seconds
INFO: [USF-XSim-4] XSim::Simulate design
INFO: [USF-XSim-61] Executing 'SIMULATE' step in 'C:/Users/johnn/Documents/.ActuallyDocuments/cpe487/CPE487_Project/IR Transmitter Code 0.9/Transmission.sim/sim_1/behav/xsim'
INFO: [USF-XSim-98] *** Running xsim
   with args "top_behav -key {Behavioral:sim_1:Functional:top} -tclbatch {top.tcl} -log {simulate.log}"
INFO: [USF-XSim-8] Loading simulator feature
Time resolution is 1 ps
source top.tcl
# set curr_wave [current_wave_config]
# if { [string length $curr_wave] == 0 } {
#   if { [llength [get_objects]] > 0} {
#     add_wave /
#     set_property needs_save false [current_wave_config]
#   } else {
#      send_msg_id Add_Wave-1 WARNING "No top level signals found. Simulator will start without a wave window. If you want to open a wave window go to 'File->New Waveform Configuration' or type 'create_wave_config' in the TCL console."
#   }
# }
# run 1000ns
INFO: [USF-XSim-96] XSim completed. Design snapshot 'top_behav' loaded.
INFO: [USF-XSim-97] XSim simulation ran for 1000ns
launch_simulation: Time (s): cpu = 00:00:01 ; elapsed = 00:00:06 . Memory (MB): peak = 1334.512 ; gain = 0.000
run 1000 us
run 1000 us
run 1000 us
run 1000 us
close_sim
INFO: [Simtcl 6-16] Simulation closed
launch_simulation
Command: launch_simulation 
INFO: [Vivado 12-12493] Simulation top is 'top'
WARNING: [Vivado 12-13340] Unable to auto find GCC executables from simulator install path! (path not set)
WARNING: [Vivado 12-13277] Compiled library path does not exist: ''
INFO: [Vivado 12-5682] Launching behavioral simulation in 'C:/Users/johnn/Documents/.ActuallyDocuments/cpe487/CPE487_Project/IR Transmitter Code 0.9/Transmission.sim/sim_1/behav/xsim'
INFO: [SIM-utils-51] Simulation object is 'sim_1'
INFO: [SIM-utils-72] Using boost library from 'C:/Xilinx/Vivado/2022.2/tps/boost_1_72_0'
INFO: [SIM-utils-54] Inspecting design source files for 'top' in fileset 'sim_1'...
INFO: [USF-XSim-97] Finding global include files...
INFO: [USF-XSim-98] Fetching design files from 'sim_1'...
INFO: [USF-XSim-2] XSim::Compile design
INFO: [USF-XSim-61] Executing 'COMPILE and ANALYZE' step in 'C:/Users/johnn/Documents/.ActuallyDocuments/cpe487/CPE487_Project/IR Transmitter Code 0.9/Transmission.sim/sim_1/behav/xsim'
"xvhdl --incr --relax -prj top_vhdl.prj"
INFO: [VRFC 10-163] Analyzing VHDL file "C:/Users/johnn/Documents/.ActuallyDocuments/cpe487/CPE487_Project/IR Transmitter Code 0.9/Transmission.srcs/sources_1/new/top.vhd" into library xil_defaultlib
INFO: [VRFC 10-3107] analyzing entity 'top'
ERROR: [VRFC 10-2989] 'testkeycode' is not declared [C:/Users/johnn/Documents/.ActuallyDocuments/cpe487/CPE487_Project/IR Transmitter Code 0.9/Transmission.srcs/sources_1/new/top.vhd:88]
ERROR: [VRFC 10-9458] unit 'behavioral' is ignored due to previous errors [C:/Users/johnn/Documents/.ActuallyDocuments/cpe487/CPE487_Project/IR Transmitter Code 0.9/Transmission.srcs/sources_1/new/top.vhd:55]
INFO: [VRFC 10-8704] VHDL file 'C:/Users/johnn/Documents/.ActuallyDocuments/cpe487/CPE487_Project/IR Transmitter Code 0.9/Transmission.srcs/sources_1/new/top.vhd' is ignored due to errors
INFO: [USF-XSim-69] 'compile' step finished in '2' seconds
INFO: [USF-XSim-99] Step results log file:'C:/Users/johnn/Documents/.ActuallyDocuments/cpe487/CPE487_Project/IR Transmitter Code 0.9/Transmission.sim/sim_1/behav/xsim/xvhdl.log'
ERROR: [USF-XSim-62] 'compile' step failed with error(s). Please check the Tcl console output or 'C:/Users/johnn/Documents/.ActuallyDocuments/cpe487/CPE487_Project/IR Transmitter Code 0.9/Transmission.sim/sim_1/behav/xsim/xvhdl.log' file for more information.
ERROR: [Vivado 12-4473] Detected error while running simulation. Please correct the issue and retry this operation.
ERROR: [Common 17-39] 'launch_simulation' failed due to earlier errors.
launch_simulation
Command: launch_simulation 
INFO: [Vivado 12-12493] Simulation top is 'top'
WARNING: [Vivado 12-13340] Unable to auto find GCC executables from simulator install path! (path not set)
WARNING: [Vivado 12-13277] Compiled library path does not exist: ''
INFO: [Vivado 12-5682] Launching behavioral simulation in 'C:/Users/johnn/Documents/.ActuallyDocuments/cpe487/CPE487_Project/IR Transmitter Code 0.9/Transmission.sim/sim_1/behav/xsim'
INFO: [SIM-utils-51] Simulation object is 'sim_1'
INFO: [SIM-utils-72] Using boost library from 'C:/Xilinx/Vivado/2022.2/tps/boost_1_72_0'
INFO: [SIM-utils-54] Inspecting design source files for 'top' in fileset 'sim_1'...
INFO: [USF-XSim-97] Finding global include files...
INFO: [USF-XSim-98] Fetching design files from 'sim_1'...
INFO: [USF-XSim-2] XSim::Compile design
INFO: [USF-XSim-61] Executing 'COMPILE and ANALYZE' step in 'C:/Users/johnn/Documents/.ActuallyDocuments/cpe487/CPE487_Project/IR Transmitter Code 0.9/Transmission.sim/sim_1/behav/xsim'
"xvhdl --incr --relax -prj top_vhdl.prj"
INFO: [VRFC 10-163] Analyzing VHDL file "C:/Users/johnn/Documents/.ActuallyDocuments/cpe487/CPE487_Project/IR Transmitter Code 0.9/Transmission.srcs/sources_1/new/top.vhd" into library xil_defaultlib
INFO: [VRFC 10-3107] analyzing entity 'top'
INFO: [USF-XSim-69] 'compile' step finished in '1' seconds
INFO: [USF-XSim-3] XSim::Elaborate design
INFO: [USF-XSim-61] Executing 'ELABORATE' step in 'C:/Users/johnn/Documents/.ActuallyDocuments/cpe487/CPE487_Project/IR Transmitter Code 0.9/Transmission.sim/sim_1/behav/xsim'
"xelab --incr --debug typical --relax --mt 2 -L xil_defaultlib -L secureip --snapshot top_behav xil_defaultlib.top -log elaborate.log"
Vivado Simulator v2022.2
Copyright 1986-1999, 2001-2022 Xilinx, Inc. All Rights Reserved.
Running: C:/Xilinx/Vivado/2022.2/bin/unwrapped/win64.o/xelab.exe --incr --debug typical --relax --mt 2 -L xil_defaultlib -L secureip --snapshot top_behav xil_defaultlib.top -log elaborate.log 
Using 2 slave threads.
Starting static elaboration
Completed static elaboration
Starting simulation data flow analysis
Completed simulation data flow analysis
Time Resolution for simulation is 1ps
Compiling package std.standard
Compiling package std.textio
Compiling package ieee.std_logic_1164
Compiling package ieee.std_logic_arith
Compiling package ieee.std_logic_unsigned
Compiling package ieee.numeric_std
Compiling package ieee.std_logic_signed
Compiling architecture behavioral of entity xil_defaultlib.debouncer [debouncer_default]
Compiling architecture behavioral of entity xil_defaultlib.PS2Receiver [ps2receiver_default]
Compiling architecture behavioral of entity xil_defaultlib.pwm [pwm_default]
Compiling architecture behavioral of entity xil_defaultlib.sig [sig_default]
Compiling architecture behavioral of entity xil_defaultlib.seg7decimal [seg7decimal_default]
Compiling architecture behavioral of entity xil_defaultlib.top
Built simulation snapshot top_behav
INFO: [USF-XSim-69] 'elaborate' step finished in '2' seconds
INFO: [USF-XSim-4] XSim::Simulate design
INFO: [USF-XSim-61] Executing 'SIMULATE' step in 'C:/Users/johnn/Documents/.ActuallyDocuments/cpe487/CPE487_Project/IR Transmitter Code 0.9/Transmission.sim/sim_1/behav/xsim'
INFO: [USF-XSim-98] *** Running xsim
   with args "top_behav -key {Behavioral:sim_1:Functional:top} -tclbatch {top.tcl} -log {simulate.log}"
INFO: [USF-XSim-8] Loading simulator feature
Time resolution is 1 ps
source top.tcl
# set curr_wave [current_wave_config]
# if { [string length $curr_wave] == 0 } {
#   if { [llength [get_objects]] > 0} {
#     add_wave /
#     set_property needs_save false [current_wave_config]
#   } else {
#      send_msg_id Add_Wave-1 WARNING "No top level signals found. Simulator will start without a wave window. If you want to open a wave window go to 'File->New Waveform Configuration' or type 'create_wave_config' in the TCL console."
#   }
# }
# run 1000ns
INFO: [USF-XSim-96] XSim completed. Design snapshot 'top_behav' loaded.
INFO: [USF-XSim-97] XSim simulation ran for 1000ns
launch_simulation: Time (s): cpu = 00:00:00 ; elapsed = 00:00:06 . Memory (MB): peak = 1334.512 ; gain = 0.000
run 1000 us
run: Time (s): cpu = 00:00:06 ; elapsed = 00:00:07 . Memory (MB): peak = 1334.512 ; gain = 0.000
run 1000 us
run: Time (s): cpu = 00:00:06 ; elapsed = 00:00:07 . Memory (MB): peak = 1334.512 ; gain = 0.000
add_force {/top/keycode} -radix hex {"1111000000101001" 0ns}
ERROR: [Simtcl 6-179] Couldn't add force for the following reason: Illegal value '1111000000101001': Object size 32 does not match size of given value 1111000000101001.
add_force {/top/keycode} -radix bin {"1111000000101001" 0ns}
add_force {/top/keycode} -radix bin {1111000000101001 0ns}
run 1000 us
run: Time (s): cpu = 00:00:06 ; elapsed = 00:00:07 . Memory (MB): peak = 1334.512 ; gain = 0.000
run 1000 us
run: Time (s): cpu = 00:00:06 ; elapsed = 00:00:07 . Memory (MB): peak = 1334.512 ; gain = 0.000
run 1000 us
run: Time (s): cpu = 00:00:06 ; elapsed = 00:00:07 . Memory (MB): peak = 1334.512 ; gain = 0.000
close_sim
INFO: [Simtcl 6-16] Simulation closed
launch_simulation
Command: launch_simulation 
INFO: [Vivado 12-12493] Simulation top is 'top'
WARNING: [Vivado 12-13340] Unable to auto find GCC executables from simulator install path! (path not set)
WARNING: [Vivado 12-13277] Compiled library path does not exist: ''
INFO: [Vivado 12-5682] Launching behavioral simulation in 'C:/Users/johnn/Documents/.ActuallyDocuments/cpe487/CPE487_Project/IR Transmitter Code 0.9/Transmission.sim/sim_1/behav/xsim'
INFO: [SIM-utils-51] Simulation object is 'sim_1'
INFO: [SIM-utils-72] Using boost library from 'C:/Xilinx/Vivado/2022.2/tps/boost_1_72_0'
INFO: [SIM-utils-54] Inspecting design source files for 'top' in fileset 'sim_1'...
INFO: [USF-XSim-97] Finding global include files...
INFO: [USF-XSim-98] Fetching design files from 'sim_1'...
INFO: [USF-XSim-2] XSim::Compile design
INFO: [USF-XSim-61] Executing 'COMPILE and ANALYZE' step in 'C:/Users/johnn/Documents/.ActuallyDocuments/cpe487/CPE487_Project/IR Transmitter Code 0.9/Transmission.sim/sim_1/behav/xsim'
"xvhdl --incr --relax -prj top_vhdl.prj"
INFO: [VRFC 10-163] Analyzing VHDL file "C:/Users/johnn/Documents/.ActuallyDocuments/cpe487/CPE487_Project/IR Transmitter Code 0.9/Transmission.srcs/sources_1/new/top.vhd" into library xil_defaultlib
INFO: [VRFC 10-3107] analyzing entity 'top'
INFO: [USF-XSim-69] 'compile' step finished in '2' seconds
INFO: [USF-XSim-3] XSim::Elaborate design
INFO: [USF-XSim-61] Executing 'ELABORATE' step in 'C:/Users/johnn/Documents/.ActuallyDocuments/cpe487/CPE487_Project/IR Transmitter Code 0.9/Transmission.sim/sim_1/behav/xsim'
"xelab --incr --debug typical --relax --mt 2 -L xil_defaultlib -L secureip --snapshot top_behav xil_defaultlib.top -log elaborate.log"
Vivado Simulator v2022.2
Copyright 1986-1999, 2001-2022 Xilinx, Inc. All Rights Reserved.
Running: C:/Xilinx/Vivado/2022.2/bin/unwrapped/win64.o/xelab.exe --incr --debug typical --relax --mt 2 -L xil_defaultlib -L secureip --snapshot top_behav xil_defaultlib.top -log elaborate.log 
Using 2 slave threads.
Starting static elaboration
Completed static elaboration
Starting simulation data flow analysis
Completed simulation data flow analysis
Time Resolution for simulation is 1ps
Compiling package std.standard
Compiling package std.textio
Compiling package ieee.std_logic_1164
Compiling package ieee.std_logic_arith
Compiling package ieee.std_logic_unsigned
Compiling package ieee.numeric_std
Compiling package ieee.std_logic_signed
Compiling architecture behavioral of entity xil_defaultlib.debouncer [debouncer_default]
Compiling architecture behavioral of entity xil_defaultlib.PS2Receiver [ps2receiver_default]
Compiling architecture behavioral of entity xil_defaultlib.pwm [pwm_default]
Compiling architecture behavioral of entity xil_defaultlib.sig [sig_default]
Compiling architecture behavioral of entity xil_defaultlib.seg7decimal [seg7decimal_default]
Compiling architecture behavioral of entity xil_defaultlib.top
Built simulation snapshot top_behav
INFO: [USF-XSim-69] 'elaborate' step finished in '2' seconds
INFO: [USF-XSim-4] XSim::Simulate design
INFO: [USF-XSim-61] Executing 'SIMULATE' step in 'C:/Users/johnn/Documents/.ActuallyDocuments/cpe487/CPE487_Project/IR Transmitter Code 0.9/Transmission.sim/sim_1/behav/xsim'
INFO: [USF-XSim-98] *** Running xsim
   with args "top_behav -key {Behavioral:sim_1:Functional:top} -tclbatch {top.tcl} -log {simulate.log}"
INFO: [USF-XSim-8] Loading simulator feature
Time resolution is 1 ps
source top.tcl
# set curr_wave [current_wave_config]
# if { [string length $curr_wave] == 0 } {
#   if { [llength [get_objects]] > 0} {
#     add_wave /
#     set_property needs_save false [current_wave_config]
#   } else {
#      send_msg_id Add_Wave-1 WARNING "No top level signals found. Simulator will start without a wave window. If you want to open a wave window go to 'File->New Waveform Configuration' or type 'create_wave_config' in the TCL console."
#   }
# }
# run 1000ns
INFO: [USF-XSim-96] XSim completed. Design snapshot 'top_behav' loaded.
INFO: [USF-XSim-97] XSim simulation ran for 1000ns
launch_simulation: Time (s): cpu = 00:00:01 ; elapsed = 00:00:06 . Memory (MB): peak = 1334.512 ; gain = 0.000
run 1000 us
run 1000 us
run 1000 us
run 1000 us
run 1000 us
run 1000 us
run 1000 us
run 1000 us
run 1000 us
run 1000 us
run 1000 us
run 1000 us
run 1000 us
run 1000 us
run 1000 us
run 1000 us
run 1000 us
run 1000 us
run 1000 us
run 1000 us
run 1000 us
run 1000 us
run 1000 us
run 1000 us
run 1000 us
add_force {/top/keycode} -radix bin {1111000000101001 0ns}
run 1000 us
run 1000 us
run 1000 us
run 1000 us
run 1000 us
run 1000 us
run 1000 us
run 1000 us
run 1000 us
run 1000 us
run 1000 us
run 1000 us
run 1000 us
run 1000 us
run 1000 us
run 1000 us
run 1000 us
run 1000 us
run 1000 us
run 1000 us
run 1000 us
run 1000 us
run 1000 us
run 1000 us
run 1000 us
run 1000 us
run 1000 us
run 1000 us
run 1000 us
run 1000 us
run 1000 us
close_sim
INFO: [Simtcl 6-16] Simulation closed
launch_simulation
Command: launch_simulation 
INFO: [Vivado 12-12493] Simulation top is 'top'
WARNING: [Vivado 12-13340] Unable to auto find GCC executables from simulator install path! (path not set)
WARNING: [Vivado 12-13277] Compiled library path does not exist: ''
INFO: [Vivado 12-5682] Launching behavioral simulation in 'C:/Users/johnn/Documents/.ActuallyDocuments/cpe487/CPE487_Project/IR Transmitter Code 0.9/Transmission.sim/sim_1/behav/xsim'
INFO: [SIM-utils-51] Simulation object is 'sim_1'
INFO: [SIM-utils-72] Using boost library from 'C:/Xilinx/Vivado/2022.2/tps/boost_1_72_0'
INFO: [SIM-utils-54] Inspecting design source files for 'top' in fileset 'sim_1'...
INFO: [USF-XSim-97] Finding global include files...
INFO: [USF-XSim-98] Fetching design files from 'sim_1'...
INFO: [USF-XSim-2] XSim::Compile design
INFO: [USF-XSim-61] Executing 'COMPILE and ANALYZE' step in 'C:/Users/johnn/Documents/.ActuallyDocuments/cpe487/CPE487_Project/IR Transmitter Code 0.9/Transmission.sim/sim_1/behav/xsim'
"xvhdl --incr --relax -prj top_vhdl.prj"
INFO: [VRFC 10-163] Analyzing VHDL file "C:/Users/johnn/Documents/.ActuallyDocuments/cpe487/CPE487_Project/IR Transmitter Code 0.9/Transmission.srcs/sources_1/new/top.vhd" into library xil_defaultlib
INFO: [VRFC 10-3107] analyzing entity 'top'
INFO: [USF-XSim-69] 'compile' step finished in '1' seconds
INFO: [USF-XSim-3] XSim::Elaborate design
INFO: [USF-XSim-61] Executing 'ELABORATE' step in 'C:/Users/johnn/Documents/.ActuallyDocuments/cpe487/CPE487_Project/IR Transmitter Code 0.9/Transmission.sim/sim_1/behav/xsim'
"xelab --incr --debug typical --relax --mt 2 -L xil_defaultlib -L secureip --snapshot top_behav xil_defaultlib.top -log elaborate.log"
Vivado Simulator v2022.2
Copyright 1986-1999, 2001-2022 Xilinx, Inc. All Rights Reserved.
Running: C:/Xilinx/Vivado/2022.2/bin/unwrapped/win64.o/xelab.exe --incr --debug typical --relax --mt 2 -L xil_defaultlib -L secureip --snapshot top_behav xil_defaultlib.top -log elaborate.log 
Using 2 slave threads.
Starting static elaboration
Completed static elaboration
Starting simulation data flow analysis
Completed simulation data flow analysis
Time Resolution for simulation is 1ps
Compiling package std.standard
Compiling package std.textio
Compiling package ieee.std_logic_1164
Compiling package ieee.std_logic_arith
Compiling package ieee.std_logic_unsigned
Compiling package ieee.numeric_std
Compiling package ieee.std_logic_signed
Compiling architecture behavioral of entity xil_defaultlib.debouncer [debouncer_default]
Compiling architecture behavioral of entity xil_defaultlib.PS2Receiver [ps2receiver_default]
Compiling architecture behavioral of entity xil_defaultlib.pwm [pwm_default]
Compiling architecture behavioral of entity xil_defaultlib.sig [sig_default]
Compiling architecture behavioral of entity xil_defaultlib.seg7decimal [seg7decimal_default]
Compiling architecture behavioral of entity xil_defaultlib.top
Built simulation snapshot top_behav
INFO: [USF-XSim-69] 'elaborate' step finished in '2' seconds
INFO: [USF-XSim-4] XSim::Simulate design
INFO: [USF-XSim-61] Executing 'SIMULATE' step in 'C:/Users/johnn/Documents/.ActuallyDocuments/cpe487/CPE487_Project/IR Transmitter Code 0.9/Transmission.sim/sim_1/behav/xsim'
INFO: [USF-XSim-98] *** Running xsim
   with args "top_behav -key {Behavioral:sim_1:Functional:top} -tclbatch {top.tcl} -log {simulate.log}"
INFO: [USF-XSim-8] Loading simulator feature
Time resolution is 1 ps
source top.tcl
# set curr_wave [current_wave_config]
# if { [string length $curr_wave] == 0 } {
#   if { [llength [get_objects]] > 0} {
#     add_wave /
#     set_property needs_save false [current_wave_config]
#   } else {
#      send_msg_id Add_Wave-1 WARNING "No top level signals found. Simulator will start without a wave window. If you want to open a wave window go to 'File->New Waveform Configuration' or type 'create_wave_config' in the TCL console."
#   }
# }
# run 1000ns
INFO: [USF-XSim-96] XSim completed. Design snapshot 'top_behav' loaded.
INFO: [USF-XSim-97] XSim simulation ran for 1000ns
launch_simulation: Time (s): cpu = 00:00:02 ; elapsed = 00:00:06 . Memory (MB): peak = 1334.512 ; gain = 0.000
run 1000 us
run 1000 us
run 1000 us
run 1000 us
run 1000 us
run 1000 us
run 1000 us
run 1000 us
run 1000 us
run 1000 us
run 1000 us
run 1000 us
run 1000 us
run 1000 us
run 1000 us
run 1000 us
run 1000 us
run 1000 us
run all
run: Time (s): cpu = 00:00:09 ; elapsed = 00:01:16 . Memory (MB): peak = 1334.512 ; gain = 0.000
close_sim
INFO: xsimkernel Simulation Memory Usage: 16468 KB (Peak: 16468 KB), Simulation CPU Usage: 67233 ms
INFO: [Simtcl 6-16] Simulation closed
launch_simulation
Command: launch_simulation 
INFO: [Vivado 12-12493] Simulation top is 'top'
WARNING: [Vivado 12-13340] Unable to auto find GCC executables from simulator install path! (path not set)
WARNING: [Vivado 12-13277] Compiled library path does not exist: ''
INFO: [Vivado 12-5682] Launching behavioral simulation in 'C:/Users/johnn/Documents/.ActuallyDocuments/cpe487/CPE487_Project/IR Transmitter Code 0.9/Transmission.sim/sim_1/behav/xsim'
INFO: [SIM-utils-51] Simulation object is 'sim_1'
INFO: [SIM-utils-72] Using boost library from 'C:/Xilinx/Vivado/2022.2/tps/boost_1_72_0'
INFO: [SIM-utils-54] Inspecting design source files for 'top' in fileset 'sim_1'...
INFO: [USF-XSim-97] Finding global include files...
INFO: [USF-XSim-98] Fetching design files from 'sim_1'...
INFO: [USF-XSim-2] XSim::Compile design
INFO: [USF-XSim-61] Executing 'COMPILE and ANALYZE' step in 'C:/Users/johnn/Documents/.ActuallyDocuments/cpe487/CPE487_Project/IR Transmitter Code 0.9/Transmission.sim/sim_1/behav/xsim'
"xvhdl --incr --relax -prj top_vhdl.prj"
INFO: [VRFC 10-163] Analyzing VHDL file "C:/Users/johnn/Documents/.ActuallyDocuments/cpe487/CPE487_Project/IR Transmitter Code 0.9/Transmission.srcs/sources_1/new/top.vhd" into library xil_defaultlib
INFO: [VRFC 10-3107] analyzing entity 'top'
INFO: [USF-XSim-69] 'compile' step finished in '2' seconds
INFO: [USF-XSim-3] XSim::Elaborate design
INFO: [USF-XSim-61] Executing 'ELABORATE' step in 'C:/Users/johnn/Documents/.ActuallyDocuments/cpe487/CPE487_Project/IR Transmitter Code 0.9/Transmission.sim/sim_1/behav/xsim'
"xelab --incr --debug typical --relax --mt 2 -L xil_defaultlib -L secureip --snapshot top_behav xil_defaultlib.top -log elaborate.log"
Vivado Simulator v2022.2
Copyright 1986-1999, 2001-2022 Xilinx, Inc. All Rights Reserved.
Running: C:/Xilinx/Vivado/2022.2/bin/unwrapped/win64.o/xelab.exe --incr --debug typical --relax --mt 2 -L xil_defaultlib -L secureip --snapshot top_behav xil_defaultlib.top -log elaborate.log 
Using 2 slave threads.
Starting static elaboration
Completed static elaboration
Starting simulation data flow analysis
Completed simulation data flow analysis
Time Resolution for simulation is 1ps
Compiling package std.standard
Compiling package std.textio
Compiling package ieee.std_logic_1164
Compiling package ieee.std_logic_arith
Compiling package ieee.std_logic_unsigned
Compiling package ieee.numeric_std
Compiling package ieee.std_logic_signed
Compiling architecture behavioral of entity xil_defaultlib.debouncer [debouncer_default]
Compiling architecture behavioral of entity xil_defaultlib.PS2Receiver [ps2receiver_default]
Compiling architecture behavioral of entity xil_defaultlib.pwm [pwm_default]
Compiling architecture behavioral of entity xil_defaultlib.sig [sig_default]
Compiling architecture behavioral of entity xil_defaultlib.seg7decimal [seg7decimal_default]
Compiling architecture behavioral of entity xil_defaultlib.top
Built simulation snapshot top_behav
INFO: [USF-XSim-69] 'elaborate' step finished in '2' seconds
INFO: [USF-XSim-4] XSim::Simulate design
INFO: [USF-XSim-61] Executing 'SIMULATE' step in 'C:/Users/johnn/Documents/.ActuallyDocuments/cpe487/CPE487_Project/IR Transmitter Code 0.9/Transmission.sim/sim_1/behav/xsim'
INFO: [USF-XSim-98] *** Running xsim
   with args "top_behav -key {Behavioral:sim_1:Functional:top} -tclbatch {top.tcl} -log {simulate.log}"
INFO: [USF-XSim-8] Loading simulator feature
Time resolution is 1 ps
source top.tcl
# set curr_wave [current_wave_config]
# if { [string length $curr_wave] == 0 } {
#   if { [llength [get_objects]] > 0} {
#     add_wave /
#     set_property needs_save false [current_wave_config]
#   } else {
#      send_msg_id Add_Wave-1 WARNING "No top level signals found. Simulator will start without a wave window. If you want to open a wave window go to 'File->New Waveform Configuration' or type 'create_wave_config' in the TCL console."
#   }
# }
# run 1000ns
INFO: [USF-XSim-96] XSim completed. Design snapshot 'top_behav' loaded.
INFO: [USF-XSim-97] XSim simulation ran for 1000ns
launch_simulation: Time (s): cpu = 00:00:02 ; elapsed = 00:00:06 . Memory (MB): peak = 1334.512 ; gain = 0.000
run 1 ms
run 1 ms
run 1 ms
run 1 ms
run 1 ms
run 1 ms
run 1 ms
run 1 ms
close_sim
INFO: [Simtcl 6-16] Simulation closed
launch_simulation
Command: launch_simulation 
INFO: [Vivado 12-12493] Simulation top is 'top'
WARNING: [Vivado 12-13340] Unable to auto find GCC executables from simulator install path! (path not set)
WARNING: [Vivado 12-13277] Compiled library path does not exist: ''
INFO: [Vivado 12-5682] Launching behavioral simulation in 'C:/Users/johnn/Documents/.ActuallyDocuments/cpe487/CPE487_Project/IR Transmitter Code 0.9/Transmission.sim/sim_1/behav/xsim'
INFO: [SIM-utils-51] Simulation object is 'sim_1'
INFO: [SIM-utils-72] Using boost library from 'C:/Xilinx/Vivado/2022.2/tps/boost_1_72_0'
INFO: [SIM-utils-54] Inspecting design source files for 'top' in fileset 'sim_1'...
INFO: [USF-XSim-97] Finding global include files...
INFO: [USF-XSim-98] Fetching design files from 'sim_1'...
INFO: [USF-XSim-2] XSim::Compile design
INFO: [USF-XSim-61] Executing 'COMPILE and ANALYZE' step in 'C:/Users/johnn/Documents/.ActuallyDocuments/cpe487/CPE487_Project/IR Transmitter Code 0.9/Transmission.sim/sim_1/behav/xsim'
"xvhdl --incr --relax -prj top_vhdl.prj"
INFO: [VRFC 10-163] Analyzing VHDL file "C:/Users/johnn/Documents/.ActuallyDocuments/cpe487/CPE487_Project/IR Transmitter Code 0.9/Transmission.srcs/sources_1/new/top.vhd" into library xil_defaultlib
INFO: [VRFC 10-3107] analyzing entity 'top'
INFO: [USF-XSim-69] 'compile' step finished in '2' seconds
INFO: [USF-XSim-3] XSim::Elaborate design
INFO: [USF-XSim-61] Executing 'ELABORATE' step in 'C:/Users/johnn/Documents/.ActuallyDocuments/cpe487/CPE487_Project/IR Transmitter Code 0.9/Transmission.sim/sim_1/behav/xsim'
"xelab --incr --debug typical --relax --mt 2 -L xil_defaultlib -L secureip --snapshot top_behav xil_defaultlib.top -log elaborate.log"
Vivado Simulator v2022.2
Copyright 1986-1999, 2001-2022 Xilinx, Inc. All Rights Reserved.
Running: C:/Xilinx/Vivado/2022.2/bin/unwrapped/win64.o/xelab.exe --incr --debug typical --relax --mt 2 -L xil_defaultlib -L secureip --snapshot top_behav xil_defaultlib.top -log elaborate.log 
Using 2 slave threads.
Starting static elaboration
Completed static elaboration
Starting simulation data flow analysis
Completed simulation data flow analysis
Time Resolution for simulation is 1ps
Compiling package std.standard
Compiling package std.textio
Compiling package ieee.std_logic_1164
Compiling package ieee.std_logic_arith
Compiling package ieee.std_logic_unsigned
Compiling package ieee.numeric_std
Compiling package ieee.std_logic_signed
Compiling architecture behavioral of entity xil_defaultlib.debouncer [debouncer_default]
Compiling architecture behavioral of entity xil_defaultlib.PS2Receiver [ps2receiver_default]
Compiling architecture behavioral of entity xil_defaultlib.pwm [pwm_default]
Compiling architecture behavioral of entity xil_defaultlib.sig [sig_default]
Compiling architecture behavioral of entity xil_defaultlib.seg7decimal [seg7decimal_default]
Compiling architecture behavioral of entity xil_defaultlib.top
Built simulation snapshot top_behav
INFO: [USF-XSim-69] 'elaborate' step finished in '2' seconds
INFO: [USF-XSim-4] XSim::Simulate design
INFO: [USF-XSim-61] Executing 'SIMULATE' step in 'C:/Users/johnn/Documents/.ActuallyDocuments/cpe487/CPE487_Project/IR Transmitter Code 0.9/Transmission.sim/sim_1/behav/xsim'
INFO: [USF-XSim-98] *** Running xsim
   with args "top_behav -key {Behavioral:sim_1:Functional:top} -tclbatch {top.tcl} -log {simulate.log}"
INFO: [USF-XSim-8] Loading simulator feature
Time resolution is 1 ps
source top.tcl
# set curr_wave [current_wave_config]
# if { [string length $curr_wave] == 0 } {
#   if { [llength [get_objects]] > 0} {
#     add_wave /
#     set_property needs_save false [current_wave_config]
#   } else {
#      send_msg_id Add_Wave-1 WARNING "No top level signals found. Simulator will start without a wave window. If you want to open a wave window go to 'File->New Waveform Configuration' or type 'create_wave_config' in the TCL console."
#   }
# }
# run 1000ns
INFO: [USF-XSim-96] XSim completed. Design snapshot 'top_behav' loaded.
INFO: [USF-XSim-97] XSim simulation ran for 1000ns
launch_simulation: Time (s): cpu = 00:00:01 ; elapsed = 00:00:06 . Memory (MB): peak = 1334.512 ; gain = 0.000
run 1 ms
run 1 ms
run 1 ms
run 1 ms
run 1 ms
run 1 ms
run 1 ms
run 1 ms
run 1 ms
run 1 ms
run 1 ms
run 1 ms
run 1 ms
run 1 ms
run 1 ms
run 1 ms
run 1 ms
run 1 ms
run 1 ms
run 1 ms
run 1 ms
run 1 ms
run 100 us
run 100 us
run 100 us
run 100 us
run 100 us
run 100 us
run 100 us
run 100 us
run 100 us
run 100 us
run 100 us
run 100 us
run 100 us
run 100 us
run 100 us
run 100 us
run 100 us
run 100 us
run 100 us
run 100 us
run 100 us
run 100 us
run 100 us
run 100 us
run 100 us
run 100 us
run 100 us
run 100 us
run 100 us
run 100 us
run 100 us
run 100 us
close_sim
INFO: [Simtcl 6-16] Simulation closed
launch_simulation
Command: launch_simulation 
INFO: [Vivado 12-12493] Simulation top is 'top'
WARNING: [Vivado 12-13340] Unable to auto find GCC executables from simulator install path! (path not set)
WARNING: [Vivado 12-13277] Compiled library path does not exist: ''
INFO: [Vivado 12-5682] Launching behavioral simulation in 'C:/Users/johnn/Documents/.ActuallyDocuments/cpe487/CPE487_Project/IR Transmitter Code 0.9/Transmission.sim/sim_1/behav/xsim'
INFO: [SIM-utils-51] Simulation object is 'sim_1'
INFO: [SIM-utils-72] Using boost library from 'C:/Xilinx/Vivado/2022.2/tps/boost_1_72_0'
INFO: [SIM-utils-54] Inspecting design source files for 'top' in fileset 'sim_1'...
INFO: [USF-XSim-97] Finding global include files...
INFO: [USF-XSim-98] Fetching design files from 'sim_1'...
INFO: [USF-XSim-2] XSim::Compile design
INFO: [USF-XSim-61] Executing 'COMPILE and ANALYZE' step in 'C:/Users/johnn/Documents/.ActuallyDocuments/cpe487/CPE487_Project/IR Transmitter Code 0.9/Transmission.sim/sim_1/behav/xsim'
"xvhdl --incr --relax -prj top_vhdl.prj"
INFO: [VRFC 10-163] Analyzing VHDL file "C:/Users/johnn/Documents/.ActuallyDocuments/cpe487/CPE487_Project/IR Transmitter Code 0.9/Transmission.srcs/sources_1/new/top.vhd" into library xil_defaultlib
INFO: [VRFC 10-3107] analyzing entity 'top'
INFO: [USF-XSim-69] 'compile' step finished in '2' seconds
INFO: [USF-XSim-3] XSim::Elaborate design
INFO: [USF-XSim-61] Executing 'ELABORATE' step in 'C:/Users/johnn/Documents/.ActuallyDocuments/cpe487/CPE487_Project/IR Transmitter Code 0.9/Transmission.sim/sim_1/behav/xsim'
"xelab --incr --debug typical --relax --mt 2 -L xil_defaultlib -L secureip --snapshot top_behav xil_defaultlib.top -log elaborate.log"
Vivado Simulator v2022.2
Copyright 1986-1999, 2001-2022 Xilinx, Inc. All Rights Reserved.
Running: C:/Xilinx/Vivado/2022.2/bin/unwrapped/win64.o/xelab.exe --incr --debug typical --relax --mt 2 -L xil_defaultlib -L secureip --snapshot top_behav xil_defaultlib.top -log elaborate.log 
Using 2 slave threads.
Starting static elaboration
Completed static elaboration
Starting simulation data flow analysis
Completed simulation data flow analysis
Time Resolution for simulation is 1ps
Compiling package std.standard
Compiling package std.textio
Compiling package ieee.std_logic_1164
Compiling package ieee.std_logic_arith
Compiling package ieee.std_logic_unsigned
Compiling package ieee.numeric_std
Compiling package ieee.std_logic_signed
Compiling architecture behavioral of entity xil_defaultlib.debouncer [debouncer_default]
Compiling architecture behavioral of entity xil_defaultlib.PS2Receiver [ps2receiver_default]
Compiling architecture behavioral of entity xil_defaultlib.pwm [pwm_default]
Compiling architecture behavioral of entity xil_defaultlib.sig [sig_default]
Compiling architecture behavioral of entity xil_defaultlib.seg7decimal [seg7decimal_default]
Compiling architecture behavioral of entity xil_defaultlib.top
Built simulation snapshot top_behav
INFO: [USF-XSim-69] 'elaborate' step finished in '2' seconds
INFO: [USF-XSim-4] XSim::Simulate design
INFO: [USF-XSim-61] Executing 'SIMULATE' step in 'C:/Users/johnn/Documents/.ActuallyDocuments/cpe487/CPE487_Project/IR Transmitter Code 0.9/Transmission.sim/sim_1/behav/xsim'
INFO: [USF-XSim-98] *** Running xsim
   with args "top_behav -key {Behavioral:sim_1:Functional:top} -tclbatch {top.tcl} -log {simulate.log}"
INFO: [USF-XSim-8] Loading simulator feature
Time resolution is 1 ps
source top.tcl
# set curr_wave [current_wave_config]
# if { [string length $curr_wave] == 0 } {
#   if { [llength [get_objects]] > 0} {
#     add_wave /
#     set_property needs_save false [current_wave_config]
#   } else {
#      send_msg_id Add_Wave-1 WARNING "No top level signals found. Simulator will start without a wave window. If you want to open a wave window go to 'File->New Waveform Configuration' or type 'create_wave_config' in the TCL console."
#   }
# }
# run 1000ns
INFO: [USF-XSim-96] XSim completed. Design snapshot 'top_behav' loaded.
INFO: [USF-XSim-97] XSim simulation ran for 1000ns
launch_simulation: Time (s): cpu = 00:00:01 ; elapsed = 00:00:06 . Memory (MB): peak = 1334.512 ; gain = 0.000
run 100 us
run 100 us
run 100 us
run 100 us
run 100 us
run 100 us
run 100 us
run 100 us
run 100 us
run 100 us
run 100 us
run 100 us
run 100 us
run 100 us
add_force {/top/CLK100MHZ_signal} -radix bin {0 0ns}
run 100 us
run 100 us
run 100 us
run 100 us
run 100 us
run 100 us
run 100 us
run 100 us
run 100 us
run 100 us
run 100 us
run 100 us
run 100 us
run 100 us
run 100 us
run 100 us
run 100 us
run 100 us
relaunch_sim
Command: launch_simulation -step compile -simset sim_1 -mode behavioral
INFO: [Vivado 12-12493] Simulation top is 'top'
WARNING: [Vivado 12-13340] Unable to auto find GCC executables from simulator install path! (path not set)
WARNING: [Vivado 12-13277] Compiled library path does not exist: ''
INFO: [Vivado 12-5682] Launching behavioral simulation in 'C:/Users/johnn/Documents/.ActuallyDocuments/cpe487/CPE487_Project/IR Transmitter Code 0.9/Transmission.sim/sim_1/behav/xsim'
INFO: [SIM-utils-51] Simulation object is 'sim_1'
INFO: [SIM-utils-72] Using boost library from 'C:/Xilinx/Vivado/2022.2/tps/boost_1_72_0'
INFO: [SIM-utils-54] Inspecting design source files for 'top' in fileset 'sim_1'...
INFO: [USF-XSim-97] Finding global include files...
INFO: [USF-XSim-98] Fetching design files from 'sim_1'...
INFO: [USF-XSim-2] XSim::Compile design
INFO: [USF-XSim-61] Executing 'COMPILE and ANALYZE' step in 'C:/Users/johnn/Documents/.ActuallyDocuments/cpe487/CPE487_Project/IR Transmitter Code 0.9/Transmission.sim/sim_1/behav/xsim'
"xvhdl --incr --relax -prj top_vhdl.prj"
INFO: [VRFC 10-163] Analyzing VHDL file "C:/Users/johnn/Documents/.ActuallyDocuments/cpe487/CPE487_Project/IR Transmitter Code 0.9/Transmission.srcs/sources_1/new/top.vhd" into library xil_defaultlib
INFO: [VRFC 10-3107] analyzing entity 'top'
ERROR: [VRFC 10-2989] 'testclk100m' is not declared [C:/Users/johnn/Documents/.ActuallyDocuments/cpe487/CPE487_Project/IR Transmitter Code 0.9/Transmission.srcs/sources_1/new/top.vhd:88]
ERROR: [VRFC 10-9458] unit 'behavioral' is ignored due to previous errors [C:/Users/johnn/Documents/.ActuallyDocuments/cpe487/CPE487_Project/IR Transmitter Code 0.9/Transmission.srcs/sources_1/new/top.vhd:55]
INFO: [VRFC 10-8704] VHDL file 'C:/Users/johnn/Documents/.ActuallyDocuments/cpe487/CPE487_Project/IR Transmitter Code 0.9/Transmission.srcs/sources_1/new/top.vhd' is ignored due to errors
INFO: [USF-XSim-69] 'compile' step finished in '1' seconds
INFO: [USF-XSim-99] Step results log file:'C:/Users/johnn/Documents/.ActuallyDocuments/cpe487/CPE487_Project/IR Transmitter Code 0.9/Transmission.sim/sim_1/behav/xsim/xvhdl.log'
ERROR: [USF-XSim-62] 'compile' step failed with error(s). Please check the Tcl console output or 'C:/Users/johnn/Documents/.ActuallyDocuments/cpe487/CPE487_Project/IR Transmitter Code 0.9/Transmission.sim/sim_1/behav/xsim/xvhdl.log' file for more information.
ERROR: [Vivado 12-4473] Detected error while running simulation. Please correct the issue and retry this operation.
ERROR: [Common 17-39] 'launch_simulation' failed due to earlier errors.
ERROR: [Common 17-69] Command failed: ERROR: [Common 17-39] 'launch_simulation' failed due to earlier errors.

close_sim
INFO: [Simtcl 6-16] Simulation closed
launch_simulation
Command: launch_simulation 
INFO: [Vivado 12-12493] Simulation top is 'top'
WARNING: [Vivado 12-13340] Unable to auto find GCC executables from simulator install path! (path not set)
WARNING: [Vivado 12-13277] Compiled library path does not exist: ''
INFO: [Vivado 12-5682] Launching behavioral simulation in 'C:/Users/johnn/Documents/.ActuallyDocuments/cpe487/CPE487_Project/IR Transmitter Code 0.9/Transmission.sim/sim_1/behav/xsim'
INFO: [SIM-utils-51] Simulation object is 'sim_1'
INFO: [SIM-utils-72] Using boost library from 'C:/Xilinx/Vivado/2022.2/tps/boost_1_72_0'
INFO: [SIM-utils-54] Inspecting design source files for 'top' in fileset 'sim_1'...
INFO: [USF-XSim-97] Finding global include files...
INFO: [USF-XSim-98] Fetching design files from 'sim_1'...
INFO: [USF-XSim-2] XSim::Compile design
INFO: [USF-XSim-61] Executing 'COMPILE and ANALYZE' step in 'C:/Users/johnn/Documents/.ActuallyDocuments/cpe487/CPE487_Project/IR Transmitter Code 0.9/Transmission.sim/sim_1/behav/xsim'
"xvhdl --incr --relax -prj top_vhdl.prj"
INFO: [VRFC 10-163] Analyzing VHDL file "C:/Users/johnn/Documents/.ActuallyDocuments/cpe487/CPE487_Project/IR Transmitter Code 0.9/Transmission.srcs/sources_1/new/top.vhd" into library xil_defaultlib
INFO: [VRFC 10-3107] analyzing entity 'top'
ERROR: [VRFC 10-2989] 'testclk100m' is not declared [C:/Users/johnn/Documents/.ActuallyDocuments/cpe487/CPE487_Project/IR Transmitter Code 0.9/Transmission.srcs/sources_1/new/top.vhd:88]
ERROR: [VRFC 10-9458] unit 'behavioral' is ignored due to previous errors [C:/Users/johnn/Documents/.ActuallyDocuments/cpe487/CPE487_Project/IR Transmitter Code 0.9/Transmission.srcs/sources_1/new/top.vhd:55]
INFO: [VRFC 10-8704] VHDL file 'C:/Users/johnn/Documents/.ActuallyDocuments/cpe487/CPE487_Project/IR Transmitter Code 0.9/Transmission.srcs/sources_1/new/top.vhd' is ignored due to errors
INFO: [USF-XSim-69] 'compile' step finished in '2' seconds
INFO: [USF-XSim-99] Step results log file:'C:/Users/johnn/Documents/.ActuallyDocuments/cpe487/CPE487_Project/IR Transmitter Code 0.9/Transmission.sim/sim_1/behav/xsim/xvhdl.log'
ERROR: [USF-XSim-62] 'compile' step failed with error(s). Please check the Tcl console output or 'C:/Users/johnn/Documents/.ActuallyDocuments/cpe487/CPE487_Project/IR Transmitter Code 0.9/Transmission.sim/sim_1/behav/xsim/xvhdl.log' file for more information.
ERROR: [Vivado 12-4473] Detected error while running simulation. Please correct the issue and retry this operation.
ERROR: [Common 17-39] 'launch_simulation' failed due to earlier errors.
launch_simulation
Command: launch_simulation 
INFO: [Vivado 12-12493] Simulation top is 'top'
WARNING: [Vivado 12-13340] Unable to auto find GCC executables from simulator install path! (path not set)
WARNING: [Vivado 12-13277] Compiled library path does not exist: ''
INFO: [Vivado 12-5682] Launching behavioral simulation in 'C:/Users/johnn/Documents/.ActuallyDocuments/cpe487/CPE487_Project/IR Transmitter Code 0.9/Transmission.sim/sim_1/behav/xsim'
INFO: [SIM-utils-51] Simulation object is 'sim_1'
INFO: [SIM-utils-72] Using boost library from 'C:/Xilinx/Vivado/2022.2/tps/boost_1_72_0'
INFO: [SIM-utils-54] Inspecting design source files for 'top' in fileset 'sim_1'...
INFO: [USF-XSim-97] Finding global include files...
INFO: [USF-XSim-98] Fetching design files from 'sim_1'...
INFO: [USF-XSim-2] XSim::Compile design
INFO: [USF-XSim-61] Executing 'COMPILE and ANALYZE' step in 'C:/Users/johnn/Documents/.ActuallyDocuments/cpe487/CPE487_Project/IR Transmitter Code 0.9/Transmission.sim/sim_1/behav/xsim'
"xvhdl --incr --relax -prj top_vhdl.prj"
INFO: [VRFC 10-163] Analyzing VHDL file "C:/Users/johnn/Documents/.ActuallyDocuments/cpe487/CPE487_Project/IR Transmitter Code 0.9/Transmission.srcs/sources_1/new/top.vhd" into library xil_defaultlib
INFO: [VRFC 10-3107] analyzing entity 'top'
INFO: [USF-XSim-69] 'compile' step finished in '2' seconds
INFO: [USF-XSim-3] XSim::Elaborate design
INFO: [USF-XSim-61] Executing 'ELABORATE' step in 'C:/Users/johnn/Documents/.ActuallyDocuments/cpe487/CPE487_Project/IR Transmitter Code 0.9/Transmission.sim/sim_1/behav/xsim'
"xelab --incr --debug typical --relax --mt 2 -L xil_defaultlib -L secureip --snapshot top_behav xil_defaultlib.top -log elaborate.log"
Vivado Simulator v2022.2
Copyright 1986-1999, 2001-2022 Xilinx, Inc. All Rights Reserved.
Running: C:/Xilinx/Vivado/2022.2/bin/unwrapped/win64.o/xelab.exe --incr --debug typical --relax --mt 2 -L xil_defaultlib -L secureip --snapshot top_behav xil_defaultlib.top -log elaborate.log 
Using 2 slave threads.
Starting static elaboration
Completed static elaboration
Starting simulation data flow analysis
Completed simulation data flow analysis
Time Resolution for simulation is 1ps
Compiling package std.standard
Compiling package std.textio
Compiling package ieee.std_logic_1164
Compiling package ieee.std_logic_arith
Compiling package ieee.std_logic_unsigned
Compiling package ieee.numeric_std
Compiling package ieee.std_logic_signed
Compiling architecture behavioral of entity xil_defaultlib.debouncer [debouncer_default]
Compiling architecture behavioral of entity xil_defaultlib.PS2Receiver [ps2receiver_default]
Compiling architecture behavioral of entity xil_defaultlib.pwm [pwm_default]
Compiling architecture behavioral of entity xil_defaultlib.sig [sig_default]
Compiling architecture behavioral of entity xil_defaultlib.seg7decimal [seg7decimal_default]
Compiling architecture behavioral of entity xil_defaultlib.top
Built simulation snapshot top_behav
INFO: [USF-XSim-69] 'elaborate' step finished in '2' seconds
INFO: [USF-XSim-4] XSim::Simulate design
INFO: [USF-XSim-61] Executing 'SIMULATE' step in 'C:/Users/johnn/Documents/.ActuallyDocuments/cpe487/CPE487_Project/IR Transmitter Code 0.9/Transmission.sim/sim_1/behav/xsim'
INFO: [USF-XSim-98] *** Running xsim
   with args "top_behav -key {Behavioral:sim_1:Functional:top} -tclbatch {top.tcl} -log {simulate.log}"
INFO: [USF-XSim-8] Loading simulator feature
Time resolution is 1 ps
source top.tcl
# set curr_wave [current_wave_config]
# if { [string length $curr_wave] == 0 } {
#   if { [llength [get_objects]] > 0} {
#     add_wave /
#     set_property needs_save false [current_wave_config]
#   } else {
#      send_msg_id Add_Wave-1 WARNING "No top level signals found. Simulator will start without a wave window. If you want to open a wave window go to 'File->New Waveform Configuration' or type 'create_wave_config' in the TCL console."
#   }
# }
# run 1000ns
INFO: [USF-XSim-96] XSim completed. Design snapshot 'top_behav' loaded.
INFO: [USF-XSim-97] XSim simulation ran for 1000ns
launch_simulation: Time (s): cpu = 00:00:02 ; elapsed = 00:00:06 . Memory (MB): peak = 1334.512 ; gain = 0.000
run 100 us
run 100 us
run 100 us
run 100 us
run 100 us
run 100 us
run 100 us
run 100 us
run 100 us
run 100 us
run 100 us
run 100 us
run 100 us
run 100 us
run 100 us
close_sim
INFO: [Simtcl 6-16] Simulation closed
exit
INFO: [Common 17-206] Exiting Vivado at Fri May 12 02:43:38 2023...
