Copyright 1986-2022 Xilinx, Inc. All Rights Reserved.
-----------------------------------------------------------------------------------------------------------------------------------------------
| Tool Version : Vivado v.2022.2 (win64) Build 3671981 Fri Oct 14 05:00:03 MDT 2022
| Date         : Tue Apr 25 06:45:22 2023
| Host         : DESKTOP-8NLSLVH running 64-bit major release  (build 9200)
| Command      : report_methodology -file top_methodology_drc_routed.rpt -pb top_methodology_drc_routed.pb -rpx top_methodology_drc_routed.rpx
| Design       : top
| Device       : xc7a100tcsg324-1
| Speed File   : -1
| Design State : Fully Routed
-----------------------------------------------------------------------------------------------------------------------------------------------

Report Methodology

Table of Contents
-----------------
1. REPORT SUMMARY
2. REPORT DETAILS

1. REPORT SUMMARY
-----------------
            Netlist: netlist
          Floorplan: design_1
      Design limits: <entire design considered>
             Max violations: <unlimited>
             Violations found: 67
+-----------+------------------+--------------------------------+------------+
| Rule      | Severity         | Description                    | Violations |
+-----------+------------------+--------------------------------+------------+
| TIMING-17 | Critical Warning | Non-clocked sequential cell    | 7          |
| TIMING-18 | Warning          | Missing input or output delay  | 15         |
| TIMING-20 | Warning          | Non-clocked latch              | 44         |
| LATCH-1   | Advisory         | Existing latches in the design | 1          |
+-----------+------------------+--------------------------------+------------+

2. REPORT DETAILS
-----------------
TIMING-17#1 Critical Warning
Non-clocked sequential cell  
The clock pin PS2Receiver_inst/debounce_inst/Iv1_reg/C is not reached by a timing clock
Related violations: <none>

TIMING-17#2 Critical Warning
Non-clocked sequential cell  
The clock pin PS2Receiver_inst/debounce_inst/O1_reg/C is not reached by a timing clock
Related violations: <none>

TIMING-17#3 Critical Warning
Non-clocked sequential cell  
The clock pin PS2Receiver_inst/debounce_inst/cnt1_reg[0]/C is not reached by a timing clock
Related violations: <none>

TIMING-17#4 Critical Warning
Non-clocked sequential cell  
The clock pin PS2Receiver_inst/debounce_inst/cnt1_reg[1]/C is not reached by a timing clock
Related violations: <none>

TIMING-17#5 Critical Warning
Non-clocked sequential cell  
The clock pin PS2Receiver_inst/debounce_inst/cnt1_reg[2]/C is not reached by a timing clock
Related violations: <none>

TIMING-17#6 Critical Warning
Non-clocked sequential cell  
The clock pin PS2Receiver_inst/debounce_inst/cnt1_reg[3]/C is not reached by a timing clock
Related violations: <none>

TIMING-17#7 Critical Warning
Non-clocked sequential cell  
The clock pin PS2Receiver_inst/debounce_inst/cnt1_reg[4]/C is not reached by a timing clock
Related violations: <none>

TIMING-18#1 Warning
Missing input or output delay  
An output delay is missing on AN[0] relative to clock(s) sys_clk_pin
Related violations: <none>

TIMING-18#2 Warning
Missing input or output delay  
An output delay is missing on AN[1] relative to clock(s) sys_clk_pin
Related violations: <none>

TIMING-18#3 Warning
Missing input or output delay  
An output delay is missing on AN[2] relative to clock(s) sys_clk_pin
Related violations: <none>

TIMING-18#4 Warning
Missing input or output delay  
An output delay is missing on AN[3] relative to clock(s) sys_clk_pin
Related violations: <none>

TIMING-18#5 Warning
Missing input or output delay  
An output delay is missing on AN[4] relative to clock(s) sys_clk_pin
Related violations: <none>

TIMING-18#6 Warning
Missing input or output delay  
An output delay is missing on AN[5] relative to clock(s) sys_clk_pin
Related violations: <none>

TIMING-18#7 Warning
Missing input or output delay  
An output delay is missing on AN[6] relative to clock(s) sys_clk_pin
Related violations: <none>

TIMING-18#8 Warning
Missing input or output delay  
An output delay is missing on AN[7] relative to clock(s) sys_clk_pin
Related violations: <none>

TIMING-18#9 Warning
Missing input or output delay  
An output delay is missing on SEG[0] relative to clock(s) sys_clk_pin
Related violations: <none>

TIMING-18#10 Warning
Missing input or output delay  
An output delay is missing on SEG[1] relative to clock(s) sys_clk_pin
Related violations: <none>

TIMING-18#11 Warning
Missing input or output delay  
An output delay is missing on SEG[2] relative to clock(s) sys_clk_pin
Related violations: <none>

TIMING-18#12 Warning
Missing input or output delay  
An output delay is missing on SEG[3] relative to clock(s) sys_clk_pin
Related violations: <none>

TIMING-18#13 Warning
Missing input or output delay  
An output delay is missing on SEG[4] relative to clock(s) sys_clk_pin
Related violations: <none>

TIMING-18#14 Warning
Missing input or output delay  
An output delay is missing on SEG[5] relative to clock(s) sys_clk_pin
Related violations: <none>

TIMING-18#15 Warning
Missing input or output delay  
An output delay is missing on SEG[6] relative to clock(s) sys_clk_pin
Related violations: <none>

TIMING-20#1 Warning
Non-clocked latch  
The latch PS2Receiver_inst/cnt_reg[0] cannot be properly analyzed as its control pin PS2Receiver_inst/cnt_reg[0]/G is not reached by a timing clock
Related violations: <none>

TIMING-20#2 Warning
Non-clocked latch  
The latch PS2Receiver_inst/cnt_reg[1] cannot be properly analyzed as its control pin PS2Receiver_inst/cnt_reg[1]/G is not reached by a timing clock
Related violations: <none>

TIMING-20#3 Warning
Non-clocked latch  
The latch PS2Receiver_inst/cnt_reg[2] cannot be properly analyzed as its control pin PS2Receiver_inst/cnt_reg[2]/G is not reached by a timing clock
Related violations: <none>

TIMING-20#4 Warning
Non-clocked latch  
The latch PS2Receiver_inst/cnt_reg[3] cannot be properly analyzed as its control pin PS2Receiver_inst/cnt_reg[3]/G is not reached by a timing clock
Related violations: <none>

TIMING-20#5 Warning
Non-clocked latch  
The latch PS2Receiver_inst/datacur_reg[0] cannot be properly analyzed as its control pin PS2Receiver_inst/datacur_reg[0]/G is not reached by a timing clock
Related violations: <none>

TIMING-20#6 Warning
Non-clocked latch  
The latch PS2Receiver_inst/datacur_reg[1] cannot be properly analyzed as its control pin PS2Receiver_inst/datacur_reg[1]/G is not reached by a timing clock
Related violations: <none>

TIMING-20#7 Warning
Non-clocked latch  
The latch PS2Receiver_inst/datacur_reg[2] cannot be properly analyzed as its control pin PS2Receiver_inst/datacur_reg[2]/G is not reached by a timing clock
Related violations: <none>

TIMING-20#8 Warning
Non-clocked latch  
The latch PS2Receiver_inst/datacur_reg[3] cannot be properly analyzed as its control pin PS2Receiver_inst/datacur_reg[3]/G is not reached by a timing clock
Related violations: <none>

TIMING-20#9 Warning
Non-clocked latch  
The latch PS2Receiver_inst/datacur_reg[4] cannot be properly analyzed as its control pin PS2Receiver_inst/datacur_reg[4]/G is not reached by a timing clock
Related violations: <none>

TIMING-20#10 Warning
Non-clocked latch  
The latch PS2Receiver_inst/datacur_reg[5] cannot be properly analyzed as its control pin PS2Receiver_inst/datacur_reg[5]/G is not reached by a timing clock
Related violations: <none>

TIMING-20#11 Warning
Non-clocked latch  
The latch PS2Receiver_inst/datacur_reg[6] cannot be properly analyzed as its control pin PS2Receiver_inst/datacur_reg[6]/G is not reached by a timing clock
Related violations: <none>

TIMING-20#12 Warning
Non-clocked latch  
The latch PS2Receiver_inst/datacur_reg[7] cannot be properly analyzed as its control pin PS2Receiver_inst/datacur_reg[7]/G is not reached by a timing clock
Related violations: <none>

TIMING-20#13 Warning
Non-clocked latch  
The latch PS2Receiver_inst/keycode_reg[0] cannot be properly analyzed as its control pin PS2Receiver_inst/keycode_reg[0]/G is not reached by a timing clock
Related violations: <none>

TIMING-20#14 Warning
Non-clocked latch  
The latch PS2Receiver_inst/keycode_reg[10] cannot be properly analyzed as its control pin PS2Receiver_inst/keycode_reg[10]/G is not reached by a timing clock
Related violations: <none>

TIMING-20#15 Warning
Non-clocked latch  
The latch PS2Receiver_inst/keycode_reg[11] cannot be properly analyzed as its control pin PS2Receiver_inst/keycode_reg[11]/G is not reached by a timing clock
Related violations: <none>

TIMING-20#16 Warning
Non-clocked latch  
The latch PS2Receiver_inst/keycode_reg[12] cannot be properly analyzed as its control pin PS2Receiver_inst/keycode_reg[12]/G is not reached by a timing clock
Related violations: <none>

TIMING-20#17 Warning
Non-clocked latch  
The latch PS2Receiver_inst/keycode_reg[13] cannot be properly analyzed as its control pin PS2Receiver_inst/keycode_reg[13]/G is not reached by a timing clock
Related violations: <none>

TIMING-20#18 Warning
Non-clocked latch  
The latch PS2Receiver_inst/keycode_reg[14] cannot be properly analyzed as its control pin PS2Receiver_inst/keycode_reg[14]/G is not reached by a timing clock
Related violations: <none>

TIMING-20#19 Warning
Non-clocked latch  
The latch PS2Receiver_inst/keycode_reg[15] cannot be properly analyzed as its control pin PS2Receiver_inst/keycode_reg[15]/G is not reached by a timing clock
Related violations: <none>

TIMING-20#20 Warning
Non-clocked latch  
The latch PS2Receiver_inst/keycode_reg[16] cannot be properly analyzed as its control pin PS2Receiver_inst/keycode_reg[16]/G is not reached by a timing clock
Related violations: <none>

TIMING-20#21 Warning
Non-clocked latch  
The latch PS2Receiver_inst/keycode_reg[17] cannot be properly analyzed as its control pin PS2Receiver_inst/keycode_reg[17]/G is not reached by a timing clock
Related violations: <none>

TIMING-20#22 Warning
Non-clocked latch  
The latch PS2Receiver_inst/keycode_reg[18] cannot be properly analyzed as its control pin PS2Receiver_inst/keycode_reg[18]/G is not reached by a timing clock
Related violations: <none>

TIMING-20#23 Warning
Non-clocked latch  
The latch PS2Receiver_inst/keycode_reg[19] cannot be properly analyzed as its control pin PS2Receiver_inst/keycode_reg[19]/G is not reached by a timing clock
Related violations: <none>

TIMING-20#24 Warning
Non-clocked latch  
The latch PS2Receiver_inst/keycode_reg[1] cannot be properly analyzed as its control pin PS2Receiver_inst/keycode_reg[1]/G is not reached by a timing clock
Related violations: <none>

TIMING-20#25 Warning
Non-clocked latch  
The latch PS2Receiver_inst/keycode_reg[20] cannot be properly analyzed as its control pin PS2Receiver_inst/keycode_reg[20]/G is not reached by a timing clock
Related violations: <none>

TIMING-20#26 Warning
Non-clocked latch  
The latch PS2Receiver_inst/keycode_reg[21] cannot be properly analyzed as its control pin PS2Receiver_inst/keycode_reg[21]/G is not reached by a timing clock
Related violations: <none>

TIMING-20#27 Warning
Non-clocked latch  
The latch PS2Receiver_inst/keycode_reg[22] cannot be properly analyzed as its control pin PS2Receiver_inst/keycode_reg[22]/G is not reached by a timing clock
Related violations: <none>

TIMING-20#28 Warning
Non-clocked latch  
The latch PS2Receiver_inst/keycode_reg[23] cannot be properly analyzed as its control pin PS2Receiver_inst/keycode_reg[23]/G is not reached by a timing clock
Related violations: <none>

TIMING-20#29 Warning
Non-clocked latch  
The latch PS2Receiver_inst/keycode_reg[24] cannot be properly analyzed as its control pin PS2Receiver_inst/keycode_reg[24]/G is not reached by a timing clock
Related violations: <none>

TIMING-20#30 Warning
Non-clocked latch  
The latch PS2Receiver_inst/keycode_reg[25] cannot be properly analyzed as its control pin PS2Receiver_inst/keycode_reg[25]/G is not reached by a timing clock
Related violations: <none>

TIMING-20#31 Warning
Non-clocked latch  
The latch PS2Receiver_inst/keycode_reg[26] cannot be properly analyzed as its control pin PS2Receiver_inst/keycode_reg[26]/G is not reached by a timing clock
Related violations: <none>

TIMING-20#32 Warning
Non-clocked latch  
The latch PS2Receiver_inst/keycode_reg[27] cannot be properly analyzed as its control pin PS2Receiver_inst/keycode_reg[27]/G is not reached by a timing clock
Related violations: <none>

TIMING-20#33 Warning
Non-clocked latch  
The latch PS2Receiver_inst/keycode_reg[28] cannot be properly analyzed as its control pin PS2Receiver_inst/keycode_reg[28]/G is not reached by a timing clock
Related violations: <none>

TIMING-20#34 Warning
Non-clocked latch  
The latch PS2Receiver_inst/keycode_reg[29] cannot be properly analyzed as its control pin PS2Receiver_inst/keycode_reg[29]/G is not reached by a timing clock
Related violations: <none>

TIMING-20#35 Warning
Non-clocked latch  
The latch PS2Receiver_inst/keycode_reg[2] cannot be properly analyzed as its control pin PS2Receiver_inst/keycode_reg[2]/G is not reached by a timing clock
Related violations: <none>

TIMING-20#36 Warning
Non-clocked latch  
The latch PS2Receiver_inst/keycode_reg[30] cannot be properly analyzed as its control pin PS2Receiver_inst/keycode_reg[30]/G is not reached by a timing clock
Related violations: <none>

TIMING-20#37 Warning
Non-clocked latch  
The latch PS2Receiver_inst/keycode_reg[31] cannot be properly analyzed as its control pin PS2Receiver_inst/keycode_reg[31]/G is not reached by a timing clock
Related violations: <none>

TIMING-20#38 Warning
Non-clocked latch  
The latch PS2Receiver_inst/keycode_reg[3] cannot be properly analyzed as its control pin PS2Receiver_inst/keycode_reg[3]/G is not reached by a timing clock
Related violations: <none>

TIMING-20#39 Warning
Non-clocked latch  
The latch PS2Receiver_inst/keycode_reg[4] cannot be properly analyzed as its control pin PS2Receiver_inst/keycode_reg[4]/G is not reached by a timing clock
Related violations: <none>

TIMING-20#40 Warning
Non-clocked latch  
The latch PS2Receiver_inst/keycode_reg[5] cannot be properly analyzed as its control pin PS2Receiver_inst/keycode_reg[5]/G is not reached by a timing clock
Related violations: <none>

TIMING-20#41 Warning
Non-clocked latch  
The latch PS2Receiver_inst/keycode_reg[6] cannot be properly analyzed as its control pin PS2Receiver_inst/keycode_reg[6]/G is not reached by a timing clock
Related violations: <none>

TIMING-20#42 Warning
Non-clocked latch  
The latch PS2Receiver_inst/keycode_reg[7] cannot be properly analyzed as its control pin PS2Receiver_inst/keycode_reg[7]/G is not reached by a timing clock
Related violations: <none>

TIMING-20#43 Warning
Non-clocked latch  
The latch PS2Receiver_inst/keycode_reg[8] cannot be properly analyzed as its control pin PS2Receiver_inst/keycode_reg[8]/G is not reached by a timing clock
Related violations: <none>

TIMING-20#44 Warning
Non-clocked latch  
The latch PS2Receiver_inst/keycode_reg[9] cannot be properly analyzed as its control pin PS2Receiver_inst/keycode_reg[9]/G is not reached by a timing clock
Related violations: <none>

LATCH-1#1 Advisory
Existing latches in the design  
There are 44 latches found in the design. Inferred latches are often the result of HDL coding mistakes, such as incomplete if or case statements.
Related violations: <none>


