Copyright 1986-2022 Xilinx, Inc. All Rights Reserved.
------------------------------------------------------------------------------------------------------------------------------------------------------------------------------------------------------
| Tool Version : Vivado v.2022.2 (win64) Build 3671981 Fri Oct 14 05:00:03 MDT 2022
| Date         : Tue May  9 13:16:34 2023
| Host         : DESKTOP-8NLSLVH running 64-bit major release  (build 9200)
| Command      : report_timing_summary -max_paths 10 -report_unconstrained -file top_timing_summary_routed.rpt -pb top_timing_summary_routed.pb -rpx top_timing_summary_routed.rpx -warn_on_violation
| Design       : top
| Device       : 7a100t-csg324
| Speed File   : -1  PRODUCTION 1.23 2018-06-13
------------------------------------------------------------------------------------------------------------------------------------------------------------------------------------------------------

Timing Summary Report

------------------------------------------------------------------------------------------------
| Timer Settings
| --------------
------------------------------------------------------------------------------------------------

  Enable Multi Corner Analysis               :  Yes
  Enable Pessimism Removal                   :  Yes
  Pessimism Removal Resolution               :  Nearest Common Node
  Enable Input Delay Default Clock           :  No
  Enable Preset / Clear Arcs                 :  No
  Disable Flight Delays                      :  No
  Ignore I/O Paths                           :  No
  Timing Early Launch at Borrowing Latches   :  No
  Borrow Time for Max Delay Exceptions       :  Yes
  Merge Timing Exceptions                    :  Yes

  Corner  Analyze    Analyze    
  Name    Max Paths  Min Paths  
  ------  ---------  ---------  
  Slow    Yes        Yes        
  Fast    Yes        Yes        


------------------------------------------------------------------------------------------------
| Report Methodology
| ------------------
------------------------------------------------------------------------------------------------

Rule       Severity          Description                  Violations  
---------  ----------------  ---------------------------  ----------  
TIMING-17  Critical Warning  Non-clocked sequential cell  108         

Note: This report is based on the most recent report_methodology run and may not be up-to-date. Run report_methodology on the current design for the latest report.



check_timing report

Table of Contents
-----------------
1. checking no_clock (108)
2. checking constant_clock (0)
3. checking pulse_width_clock (0)
4. checking unconstrained_internal_endpoints (178)
5. checking no_input_delay (2)
6. checking no_output_delay (18)
7. checking multiple_clock (0)
8. checking generated_clocks (0)
9. checking loops (0)
10. checking partial_input_delay (0)
11. checking partial_output_delay (0)
12. checking latch_loops (0)

1. checking no_clock (108)
--------------------------
 There are 44 register/latch pins with no clock driven by root clock pin: CLK100MHZ (HIGH)

 There are 14 register/latch pins with no clock driven by root clock pin: CLK50MHZ_reg/Q (HIGH)

 There are 5 register/latch pins with no clock driven by root clock pin: clk38KHZ_reg/Q (HIGH)

 There are 13 register/latch pins with no clock driven by root clock pin: keyboard/debounce_inst/O0_reg/Q (HIGH)

 There are 32 register/latch pins with no clock driven by root clock pin: keyboard/flag_reg/Q (HIGH)


2. checking constant_clock (0)
------------------------------
 There are 0 register/latch pins with constant_clock.


3. checking pulse_width_clock (0)
---------------------------------
 There are 0 register/latch pins which need pulse_width check


4. checking unconstrained_internal_endpoints (178)
--------------------------------------------------
 There are 178 pins that are not constrained for maximum delay. (HIGH)

 There are 0 pins that are not constrained for maximum delay due to constant clock.


5. checking no_input_delay (2)
------------------------------
 There are 2 input ports with no input delay specified. (HIGH)

 There are 0 input ports with no input delay but user has a false path constraint.


6. checking no_output_delay (18)
--------------------------------
 There are 18 ports with no output delay specified. (HIGH)

 There are 0 ports with no output delay but user has a false path constraint

 There are 0 ports with no output delay but with a timing clock defined on it or propagating through it


7. checking multiple_clock (0)
------------------------------
 There are 0 register/latch pins with multiple clocks.


8. checking generated_clocks (0)
--------------------------------
 There are 0 generated clocks that are not connected to a clock source.


9. checking loops (0)
---------------------
 There are 0 combinational loops in the design.


10. checking partial_input_delay (0)
------------------------------------
 There are 0 input ports with partial input delay specified.


11. checking partial_output_delay (0)
-------------------------------------
 There are 0 ports with partial output delay specified.


12. checking latch_loops (0)
----------------------------
 There are 0 combinational latch loops in the design through latch input



------------------------------------------------------------------------------------------------
| Design Timing Summary
| ---------------------
------------------------------------------------------------------------------------------------

    WNS(ns)      TNS(ns)  TNS Failing Endpoints  TNS Total Endpoints      WHS(ns)      THS(ns)  THS Failing Endpoints  THS Total Endpoints     WPWS(ns)     TPWS(ns)  TPWS Failing Endpoints  TPWS Total Endpoints  
    -------      -------  ---------------------  -------------------      -------      -------  ---------------------  -------------------     --------     --------  ----------------------  --------------------  
        inf        0.000                      0                  197          inf        0.000                      0                  197           NA           NA                      NA                    NA  


There are no user specified timing constraints.


------------------------------------------------------------------------------------------------
| Clock Summary
| -------------
------------------------------------------------------------------------------------------------


------------------------------------------------------------------------------------------------
| Intra Clock Table
| -----------------
------------------------------------------------------------------------------------------------

Clock             WNS(ns)      TNS(ns)  TNS Failing Endpoints  TNS Total Endpoints      WHS(ns)      THS(ns)  THS Failing Endpoints  THS Total Endpoints     WPWS(ns)     TPWS(ns)  TPWS Failing Endpoints  TPWS Total Endpoints  
-----             -------      -------  ---------------------  -------------------      -------      -------  ---------------------  -------------------     --------     --------  ----------------------  --------------------  


------------------------------------------------------------------------------------------------
| Inter Clock Table
| -----------------
------------------------------------------------------------------------------------------------

From Clock    To Clock          WNS(ns)      TNS(ns)  TNS Failing Endpoints  TNS Total Endpoints      WHS(ns)      THS(ns)  THS Failing Endpoints  THS Total Endpoints  
----------    --------          -------      -------  ---------------------  -------------------      -------      -------  ---------------------  -------------------  


------------------------------------------------------------------------------------------------
| Other Path Groups Table
| -----------------------
------------------------------------------------------------------------------------------------

Path Group    From Clock    To Clock          WNS(ns)      TNS(ns)  TNS Failing Endpoints  TNS Total Endpoints      WHS(ns)      THS(ns)  THS Failing Endpoints  THS Total Endpoints  
----------    ----------    --------          -------      -------  ---------------------  -------------------      -------      -------  ---------------------  -------------------  


------------------------------------------------------------------------------------------------
| User Ignored Path Table
| -----------------------
------------------------------------------------------------------------------------------------

Path Group    From Clock    To Clock    
----------    ----------    --------    


------------------------------------------------------------------------------------------------
| Unconstrained Path Table
| ------------------------
------------------------------------------------------------------------------------------------

Path Group    From Clock    To Clock    
----------    ----------    --------    
(none)                                    


------------------------------------------------------------------------------------------------
| Timing Details
| --------------
------------------------------------------------------------------------------------------------


--------------------------------------------------------------------------------------
Path Group:  (none)
From Clock:  
  To Clock:  

Max Delay           197 Endpoints
Min Delay           197 Endpoints
--------------------------------------------------------------------------------------


Max Delay Paths
--------------------------------------------------------------------------------------
Slack:                    inf
  Source:                 CLK100MHZ
                            (input port)
  Destination:            clkoutput
                            (output port)
  Path Group:             (none)
  Path Type:              Max at Slow Process Corner
  Data Path Delay:        10.169ns  (logic 5.133ns (50.476%)  route 5.036ns (49.524%))
  Logic Levels:           3  (BUFG=1 IBUF=1 OBUF=1)

    Location             Delay type                Incr(ns)  Path(ns)    Netlist Resource(s)
  -------------------------------------------------------------------    -------------------
    E3                                                0.000     0.000 r  CLK100MHZ (IN)
                         net (fo=0)                   0.000     0.000    CLK100MHZ
    E3                   IBUF (Prop_ibuf_I_O)         1.482     1.482 r  CLK100MHZ_IBUF_inst/O
                         net (fo=1, routed)           2.025     3.506    clkoutput_OBUF
    BUFGCTRL_X0Y16       BUFG (Prop_bufg_I_O)         0.096     3.602 r  clkoutput_OBUF_BUFG_inst/O
                         net (fo=45, routed)          3.012     6.614    clkoutput_OBUF_BUFG
    D18                  OBUF (Prop_obuf_I_O)         3.555    10.169 r  clkoutput_OBUF_inst/O
                         net (fo=0)                   0.000    10.169    clkoutput
    D18                                                               r  clkoutput (OUT)
  -------------------------------------------------------------------    -------------------

Slack:                    inf
  Source:                 sevenSeg/clkdiv_reg[18]/C
                            (rising edge-triggered cell FDRE)
  Destination:            AN[6]
                            (output port)
  Path Group:             (none)
  Path Type:              Max at Slow Process Corner
  Data Path Delay:        9.345ns  (logic 4.098ns (43.847%)  route 5.248ns (56.153%))
  Logic Levels:           3  (FDRE=1 LUT3=1 OBUF=1)

    Location             Delay type                Incr(ns)  Path(ns)    Netlist Resource(s)
  -------------------------------------------------------------------    -------------------
    SLICE_X0Y101         FDRE                         0.000     0.000 r  sevenSeg/clkdiv_reg[18]/C
    SLICE_X0Y101         FDRE (Prop_fdre_C_Q)         0.456     0.456 f  sevenSeg/clkdiv_reg[18]/Q
                         net (fo=17, routed)          0.908     1.364    sevenSeg/s[1]
    SLICE_X1Y101         LUT3 (Prop_lut3_I0_O)        0.124     1.488 r  sevenSeg/AN_OBUF[6]_inst_i_1/O
                         net (fo=1, routed)           4.339     5.828    AN_OBUF[6]
    K2                   OBUF (Prop_obuf_I_O)         3.518     9.345 r  AN_OBUF[6]_inst/O
                         net (fo=0)                   0.000     9.345    AN[6]
    K2                                                                r  AN[6] (OUT)
  -------------------------------------------------------------------    -------------------

Slack:                    inf
  Source:                 sevenSeg/clkdiv_reg[18]/C
                            (rising edge-triggered cell FDRE)
  Destination:            AN[7]
                            (output port)
  Path Group:             (none)
  Path Type:              Max at Slow Process Corner
  Data Path Delay:        8.613ns  (logic 4.363ns (50.661%)  route 4.250ns (49.339%))
  Logic Levels:           3  (FDRE=1 LUT3=1 OBUF=1)

    Location             Delay type                Incr(ns)  Path(ns)    Netlist Resource(s)
  -------------------------------------------------------------------    -------------------
    SLICE_X0Y101         FDRE                         0.000     0.000 r  sevenSeg/clkdiv_reg[18]/C
    SLICE_X0Y101         FDRE (Prop_fdre_C_Q)         0.456     0.456 f  sevenSeg/clkdiv_reg[18]/Q
                         net (fo=17, routed)          0.908     1.364    sevenSeg/s[1]
    SLICE_X1Y101         LUT3 (Prop_lut3_I1_O)        0.152     1.516 r  sevenSeg/AN_OBUF[7]_inst_i_1/O
                         net (fo=1, routed)           3.341     4.858    AN_OBUF[7]
    U13                  OBUF (Prop_obuf_I_O)         3.755     8.613 r  AN_OBUF[7]_inst/O
                         net (fo=0)                   0.000     8.613    AN[7]
    U13                                                               r  AN[7] (OUT)
  -------------------------------------------------------------------    -------------------

Slack:                    inf
  Source:                 sevenSeg/clkdiv_reg[17]/C
                            (rising edge-triggered cell FDRE)
  Destination:            AN[2]
                            (output port)
  Path Group:             (none)
  Path Type:              Max at Slow Process Corner
  Data Path Delay:        8.524ns  (logic 4.154ns (48.740%)  route 4.369ns (51.260%))
  Logic Levels:           3  (FDRE=1 LUT3=1 OBUF=1)

    Location             Delay type                Incr(ns)  Path(ns)    Netlist Resource(s)
  -------------------------------------------------------------------    -------------------
    SLICE_X0Y101         FDRE                         0.000     0.000 r  sevenSeg/clkdiv_reg[17]/C
    SLICE_X0Y101         FDRE (Prop_fdre_C_Q)         0.456     0.456 r  sevenSeg/clkdiv_reg[17]/Q
                         net (fo=17, routed)          0.888     1.344    sevenSeg/s[0]
    SLICE_X0Y102         LUT3 (Prop_lut3_I2_O)        0.124     1.468 r  sevenSeg/AN_OBUF[2]_inst_i_1/O
                         net (fo=1, routed)           3.481     4.949    AN_OBUF[2]
    T9                   OBUF (Prop_obuf_I_O)         3.574     8.524 r  AN_OBUF[2]_inst/O
                         net (fo=0)                   0.000     8.524    AN[2]
    T9                                                                r  AN[2] (OUT)
  -------------------------------------------------------------------    -------------------

Slack:                    inf
  Source:                 sevenSeg/clkdiv_reg[19]/C
                            (rising edge-triggered cell FDRE)
  Destination:            AN[5]
                            (output port)
  Path Group:             (none)
  Path Type:              Max at Slow Process Corner
  Data Path Delay:        7.808ns  (logic 4.362ns (55.859%)  route 3.447ns (44.141%))
  Logic Levels:           3  (FDRE=1 LUT3=1 OBUF=1)

    Location             Delay type                Incr(ns)  Path(ns)    Netlist Resource(s)
  -------------------------------------------------------------------    -------------------
    SLICE_X0Y101         FDRE                         0.000     0.000 r  sevenSeg/clkdiv_reg[19]/C
    SLICE_X0Y101         FDRE (Prop_fdre_C_Q)         0.456     0.456 f  sevenSeg/clkdiv_reg[19]/Q
                         net (fo=13, routed)          0.870     1.326    sevenSeg/s[2]
    SLICE_X1Y100         LUT3 (Prop_lut3_I2_O)        0.152     1.478 r  sevenSeg/AN_OBUF[5]_inst_i_1/O
                         net (fo=1, routed)           2.577     4.055    AN_OBUF[5]
    T14                  OBUF (Prop_obuf_I_O)         3.754     7.808 r  AN_OBUF[5]_inst/O
                         net (fo=0)                   0.000     7.808    AN[5]
    T14                                                               r  AN[5] (OUT)
  -------------------------------------------------------------------    -------------------

Slack:                    inf
  Source:                 sevenSeg/clkdiv_reg[17]/C
                            (rising edge-triggered cell FDRE)
  Destination:            AN[3]
                            (output port)
  Path Group:             (none)
  Path Type:              Max at Slow Process Corner
  Data Path Delay:        7.319ns  (logic 4.365ns (59.636%)  route 2.954ns (40.364%))
  Logic Levels:           3  (FDRE=1 LUT3=1 OBUF=1)

    Location             Delay type                Incr(ns)  Path(ns)    Netlist Resource(s)
  -------------------------------------------------------------------    -------------------
    SLICE_X0Y101         FDRE                         0.000     0.000 r  sevenSeg/clkdiv_reg[17]/C
    SLICE_X0Y101         FDRE (Prop_fdre_C_Q)         0.456     0.456 f  sevenSeg/clkdiv_reg[17]/Q
                         net (fo=17, routed)          0.888     1.344    sevenSeg/s[0]
    SLICE_X0Y102         LUT3 (Prop_lut3_I1_O)        0.149     1.493 r  sevenSeg/AN_OBUF[3]_inst_i_1/O
                         net (fo=1, routed)           2.066     3.559    AN_OBUF[3]
    J14                  OBUF (Prop_obuf_I_O)         3.760     7.319 r  AN_OBUF[3]_inst/O
                         net (fo=0)                   0.000     7.319    AN[3]
    J14                                                               r  AN[3] (OUT)
  -------------------------------------------------------------------    -------------------

Slack:                    inf
  Source:                 sevenSeg/clkdiv_reg[19]/C
                            (rising edge-triggered cell FDRE)
  Destination:            AN[4]
                            (output port)
  Path Group:             (none)
  Path Type:              Max at Slow Process Corner
  Data Path Delay:        7.315ns  (logic 4.130ns (56.461%)  route 3.185ns (43.539%))
  Logic Levels:           3  (FDRE=1 LUT3=1 OBUF=1)

    Location             Delay type                Incr(ns)  Path(ns)    Netlist Resource(s)
  -------------------------------------------------------------------    -------------------
    SLICE_X0Y101         FDRE                         0.000     0.000 r  sevenSeg/clkdiv_reg[19]/C
    SLICE_X0Y101         FDRE (Prop_fdre_C_Q)         0.456     0.456 f  sevenSeg/clkdiv_reg[19]/Q
                         net (fo=13, routed)          0.870     1.326    sevenSeg/s[2]
    SLICE_X1Y100         LUT3 (Prop_lut3_I2_O)        0.124     1.450 r  sevenSeg/AN_OBUF[4]_inst_i_1/O
                         net (fo=1, routed)           2.315     3.765    AN_OBUF[4]
    P14                  OBUF (Prop_obuf_I_O)         3.550     7.315 r  AN_OBUF[4]_inst/O
                         net (fo=0)                   0.000     7.315    AN[4]
    P14                                                               r  AN[4] (OUT)
  -------------------------------------------------------------------    -------------------

Slack:                    inf
  Source:                 sevenSeg/seg_reg[1]/C
                            (rising edge-triggered cell FDRE)
  Destination:            SEG[1]
                            (output port)
  Path Group:             (none)
  Path Type:              Max at Slow Process Corner
  Data Path Delay:        7.280ns  (logic 4.149ns (57.001%)  route 3.130ns (42.999%))
  Logic Levels:           2  (FDRE=1 OBUF=1)

    Location             Delay type                Incr(ns)  Path(ns)    Netlist Resource(s)
  -------------------------------------------------------------------    -------------------
    SLICE_X1Y91          FDRE                         0.000     0.000 r  sevenSeg/seg_reg[1]/C
    SLICE_X1Y91          FDRE (Prop_fdre_C_Q)         0.419     0.419 r  sevenSeg/seg_reg[1]/Q
                         net (fo=1, routed)           3.130     3.549    SEG_OBUF[1]
    R10                  OBUF (Prop_obuf_I_O)         3.730     7.280 r  SEG_OBUF[1]_inst/O
                         net (fo=0)                   0.000     7.280    SEG[1]
    R10                                                               r  SEG[1] (OUT)
  -------------------------------------------------------------------    -------------------

Slack:                    inf
  Source:                 sevenSeg/clkdiv_reg[18]/C
                            (rising edge-triggered cell FDRE)
  Destination:            AN[1]
                            (output port)
  Path Group:             (none)
  Path Type:              Max at Slow Process Corner
  Data Path Delay:        7.195ns  (logic 4.352ns (60.482%)  route 2.843ns (39.518%))
  Logic Levels:           3  (FDRE=1 LUT3=1 OBUF=1)

    Location             Delay type                Incr(ns)  Path(ns)    Netlist Resource(s)
  -------------------------------------------------------------------    -------------------
    SLICE_X0Y101         FDRE                         0.000     0.000 r  sevenSeg/clkdiv_reg[18]/C
    SLICE_X0Y101         FDRE (Prop_fdre_C_Q)         0.456     0.456 r  sevenSeg/clkdiv_reg[18]/Q
                         net (fo=17, routed)          1.176     1.632    sevenSeg/s[1]
    SLICE_X2Y103         LUT3 (Prop_lut3_I2_O)        0.153     1.785 r  sevenSeg/AN_OBUF[1]_inst_i_1/O
                         net (fo=1, routed)           1.667     3.452    AN_OBUF[1]
    J18                  OBUF (Prop_obuf_I_O)         3.743     7.195 r  AN_OBUF[1]_inst/O
                         net (fo=0)                   0.000     7.195    AN[1]
    J18                                                               r  AN[1] (OUT)
  -------------------------------------------------------------------    -------------------

Slack:                    inf
  Source:                 sevenSeg/seg_reg[0]/C
                            (rising edge-triggered cell FDRE)
  Destination:            SEG[0]
                            (output port)
  Path Group:             (none)
  Path Type:              Max at Slow Process Corner
  Data Path Delay:        7.158ns  (logic 4.033ns (56.344%)  route 3.125ns (43.656%))
  Logic Levels:           2  (FDRE=1 OBUF=1)

    Location             Delay type                Incr(ns)  Path(ns)    Netlist Resource(s)
  -------------------------------------------------------------------    -------------------
    SLICE_X1Y91          FDRE                         0.000     0.000 r  sevenSeg/seg_reg[0]/C
    SLICE_X1Y91          FDRE (Prop_fdre_C_Q)         0.456     0.456 r  sevenSeg/seg_reg[0]/Q
                         net (fo=1, routed)           3.125     3.581    SEG_OBUF[0]
    T10                  OBUF (Prop_obuf_I_O)         3.577     7.158 r  SEG_OBUF[0]_inst/O
                         net (fo=0)                   0.000     7.158    SEG[0]
    T10                                                               r  SEG[0] (OUT)
  -------------------------------------------------------------------    -------------------





Min Delay Paths
--------------------------------------------------------------------------------------
Slack:                    inf
  Source:                 keyboard/keycode_reg[18]/C
                            (rising edge-triggered cell FDRE)
  Destination:            keyboard/keycode_reg[26]/D
  Path Group:             (none)
  Path Type:              Min at Fast Process Corner
  Data Path Delay:        0.208ns  (logic 0.141ns (67.788%)  route 0.067ns (32.212%))
  Logic Levels:           1  (FDRE=1)

    Location             Delay type                Incr(ns)  Path(ns)    Netlist Resource(s)
  -------------------------------------------------------------------    -------------------
    SLICE_X3Y100         FDRE                         0.000     0.000 r  keyboard/keycode_reg[18]/C
    SLICE_X3Y100         FDRE (Prop_fdre_C_Q)         0.141     0.141 r  keyboard/keycode_reg[18]/Q
                         net (fo=2, routed)           0.067     0.208    keyboard/data4[2]
    SLICE_X3Y100         FDRE                                         r  keyboard/keycode_reg[26]/D
  -------------------------------------------------------------------    -------------------

Slack:                    inf
  Source:                 keyboard/keycode_reg[20]/C
                            (rising edge-triggered cell FDRE)
  Destination:            keyboard/keycode_reg[28]/D
  Path Group:             (none)
  Path Type:              Min at Fast Process Corner
  Data Path Delay:        0.208ns  (logic 0.141ns (67.788%)  route 0.067ns (32.212%))
  Logic Levels:           1  (FDRE=1)

    Location             Delay type                Incr(ns)  Path(ns)    Netlist Resource(s)
  -------------------------------------------------------------------    -------------------
    SLICE_X3Y100         FDRE                         0.000     0.000 r  keyboard/keycode_reg[20]/C
    SLICE_X3Y100         FDRE (Prop_fdre_C_Q)         0.141     0.141 r  keyboard/keycode_reg[20]/Q
                         net (fo=2, routed)           0.067     0.208    keyboard/data5[0]
    SLICE_X3Y100         FDRE                                         r  keyboard/keycode_reg[28]/D
  -------------------------------------------------------------------    -------------------

Slack:                    inf
  Source:                 keyboard/keycode_reg[22]/C
                            (rising edge-triggered cell FDRE)
  Destination:            keyboard/keycode_reg[30]/D
  Path Group:             (none)
  Path Type:              Min at Fast Process Corner
  Data Path Delay:        0.208ns  (logic 0.141ns (67.788%)  route 0.067ns (32.212%))
  Logic Levels:           1  (FDRE=1)

    Location             Delay type                Incr(ns)  Path(ns)    Netlist Resource(s)
  -------------------------------------------------------------------    -------------------
    SLICE_X3Y100         FDRE                         0.000     0.000 r  keyboard/keycode_reg[22]/C
    SLICE_X3Y100         FDRE (Prop_fdre_C_Q)         0.141     0.141 r  keyboard/keycode_reg[22]/Q
                         net (fo=2, routed)           0.067     0.208    keyboard/data5[2]
    SLICE_X3Y100         FDRE                                         r  keyboard/keycode_reg[30]/D
  -------------------------------------------------------------------    -------------------

Slack:                    inf
  Source:                 keyboard/keycode_reg[17]/C
                            (rising edge-triggered cell FDRE)
  Destination:            keyboard/keycode_reg[25]/D
  Path Group:             (none)
  Path Type:              Min at Fast Process Corner
  Data Path Delay:        0.262ns  (logic 0.141ns (53.794%)  route 0.121ns (46.206%))
  Logic Levels:           1  (FDRE=1)

    Location             Delay type                Incr(ns)  Path(ns)    Netlist Resource(s)
  -------------------------------------------------------------------    -------------------
    SLICE_X1Y102         FDRE                         0.000     0.000 r  keyboard/keycode_reg[17]/C
    SLICE_X1Y102         FDRE (Prop_fdre_C_Q)         0.141     0.141 r  keyboard/keycode_reg[17]/Q
                         net (fo=2, routed)           0.121     0.262    keyboard/data4[1]
    SLICE_X1Y102         FDRE                                         r  keyboard/keycode_reg[25]/D
  -------------------------------------------------------------------    -------------------

Slack:                    inf
  Source:                 keyboard/keycode_reg[12]/C
                            (rising edge-triggered cell FDRE)
  Destination:            keyboard/keycode_reg[20]/D
  Path Group:             (none)
  Path Type:              Min at Fast Process Corner
  Data Path Delay:        0.264ns  (logic 0.141ns (53.346%)  route 0.123ns (46.654%))
  Logic Levels:           1  (FDRE=1)

    Location             Delay type                Incr(ns)  Path(ns)    Netlist Resource(s)
  -------------------------------------------------------------------    -------------------
    SLICE_X3Y101         FDRE                         0.000     0.000 r  keyboard/keycode_reg[12]/C
    SLICE_X3Y101         FDRE (Prop_fdre_C_Q)         0.141     0.141 r  keyboard/keycode_reg[12]/Q
                         net (fo=3, routed)           0.123     0.264    keyboard/keycode[12]
    SLICE_X3Y100         FDRE                                         r  keyboard/keycode_reg[20]/D
  -------------------------------------------------------------------    -------------------

Slack:                    inf
  Source:                 keyboard/keycode_reg[21]/C
                            (rising edge-triggered cell FDRE)
  Destination:            keyboard/keycode_reg[29]/D
  Path Group:             (none)
  Path Type:              Min at Fast Process Corner
  Data Path Delay:        0.268ns  (logic 0.141ns (52.559%)  route 0.127ns (47.441%))
  Logic Levels:           1  (FDRE=1)

    Location             Delay type                Incr(ns)  Path(ns)    Netlist Resource(s)
  -------------------------------------------------------------------    -------------------
    SLICE_X1Y102         FDRE                         0.000     0.000 r  keyboard/keycode_reg[21]/C
    SLICE_X1Y102         FDRE (Prop_fdre_C_Q)         0.141     0.141 r  keyboard/keycode_reg[21]/Q
                         net (fo=2, routed)           0.127     0.268    keyboard/data5[1]
    SLICE_X1Y102         FDRE                                         r  keyboard/keycode_reg[29]/D
  -------------------------------------------------------------------    -------------------

Slack:                    inf
  Source:                 keyboard/datacur_reg[2]/C
                            (rising edge-triggered cell FDRE)
  Destination:            keyboard/keycode_reg[2]/D
  Path Group:             (none)
  Path Type:              Min at Fast Process Corner
  Data Path Delay:        0.269ns  (logic 0.146ns (54.253%)  route 0.123ns (45.747%))
  Logic Levels:           1  (FDRE=1)

    Location             Delay type                Incr(ns)  Path(ns)    Netlist Resource(s)
  -------------------------------------------------------------------    -------------------
    SLICE_X3Y104         FDRE                         0.000     0.000 r  keyboard/datacur_reg[2]/C
    SLICE_X3Y104         FDRE (Prop_fdre_C_Q)         0.146     0.146 r  keyboard/datacur_reg[2]/Q
                         net (fo=3, routed)           0.123     0.269    keyboard/datacur[2]
    SLICE_X3Y103         FDRE                                         r  keyboard/keycode_reg[2]/D
  -------------------------------------------------------------------    -------------------

Slack:                    inf
  Source:                 keyboard/keycode_reg[8]/C
                            (rising edge-triggered cell FDRE)
  Destination:            keyboard/keycode_reg[16]/D
  Path Group:             (none)
  Path Type:              Min at Fast Process Corner
  Data Path Delay:        0.278ns  (logic 0.128ns (46.050%)  route 0.150ns (53.950%))
  Logic Levels:           1  (FDRE=1)

    Location             Delay type                Incr(ns)  Path(ns)    Netlist Resource(s)
  -------------------------------------------------------------------    -------------------
    SLICE_X3Y101         FDRE                         0.000     0.000 r  keyboard/keycode_reg[8]/C
    SLICE_X3Y101         FDRE (Prop_fdre_C_Q)         0.128     0.128 r  keyboard/keycode_reg[8]/Q
                         net (fo=3, routed)           0.150     0.278    keyboard/keycode[8]
    SLICE_X3Y101         FDRE                                         r  keyboard/keycode_reg[16]/D
  -------------------------------------------------------------------    -------------------

Slack:                    inf
  Source:                 keyboard/datacur_reg[7]/C
                            (rising edge-triggered cell FDRE)
  Destination:            keyboard/keycode_reg[7]/D
  Path Group:             (none)
  Path Type:              Min at Fast Process Corner
  Data Path Delay:        0.279ns  (logic 0.146ns (52.334%)  route 0.133ns (47.666%))
  Logic Levels:           1  (FDRE=1)

    Location             Delay type                Incr(ns)  Path(ns)    Netlist Resource(s)
  -------------------------------------------------------------------    -------------------
    SLICE_X3Y104         FDRE                         0.000     0.000 r  keyboard/datacur_reg[7]/C
    SLICE_X3Y104         FDRE (Prop_fdre_C_Q)         0.146     0.146 r  keyboard/datacur_reg[7]/Q
                         net (fo=3, routed)           0.133     0.279    keyboard/datacur[7]
    SLICE_X3Y103         FDRE                                         r  keyboard/keycode_reg[7]/D
  -------------------------------------------------------------------    -------------------

Slack:                    inf
  Source:                 keyboard/debounce_inst/Iv0_reg/C
                            (rising edge-triggered cell FDRE)
  Destination:            keyboard/debounce_inst/cnt0_reg[3]/D
  Path Group:             (none)
  Path Type:              Min at Fast Process Corner
  Data Path Delay:        0.294ns  (logic 0.186ns (63.289%)  route 0.108ns (36.711%))
  Logic Levels:           2  (FDRE=1 LUT6=1)

    Location             Delay type                Incr(ns)  Path(ns)    Netlist Resource(s)
  -------------------------------------------------------------------    -------------------
    SLICE_X0Y106         FDRE                         0.000     0.000 r  keyboard/debounce_inst/Iv0_reg/C
    SLICE_X0Y106         FDRE (Prop_fdre_C_Q)         0.141     0.141 r  keyboard/debounce_inst/Iv0_reg/Q
                         net (fo=3, routed)           0.108     0.249    keyboard/debounce_inst/Iv0
    SLICE_X1Y106         LUT6 (Prop_lut6_I4_O)        0.045     0.294 r  keyboard/debounce_inst/cnt0[3]_i_1/O
                         net (fo=1, routed)           0.000     0.294    keyboard/debounce_inst/cnt0[3]_i_1_n_0
    SLICE_X1Y106         FDRE                                         r  keyboard/debounce_inst/cnt0_reg[3]/D
  -------------------------------------------------------------------    -------------------





